[ 2015-04-14T14:47:51+08:00 ] 127.0.0.1 /admin/
ERR: 模板不存在:./Application/Home/View/Index/admin.html

[ 2015-04-14T15:34:56+08:00 ] ::1 /admin/index.php/Home/Index/res/lib/css/themes/default/easyui.css
ERR: 非法操作:res

[ 2015-04-14T15:34:56+08:00 ] ::1 /admin/index.php/Home/Index/res/lib/css/themes/icon.css
ERR: 非法操作:res

[ 2015-04-14T15:34:56+08:00 ] ::1 /admin/index.php/Home/Index/res/lib/jquery/jquery-1.3.2.min.js
ERR: 非法操作:res

[ 2015-04-14T15:34:56+08:00 ] ::1 /admin/index.php/Home/Index/res/lib/js/jquery.easyui.min.js
ERR: 非法操作:res

[ 2015-04-14T15:34:56+08:00 ] ::1 /admin/index.php/Home/Index/res/lib/css/main.css
ERR: 非法操作:res

[ 2015-04-14T15:34:56+08:00 ] ::1 /admin/index.php/Home/Index/res/lib/js/easyui-lang-zh_CN.js
ERR: 非法操作:res

[ 2015-04-14T15:34:56+08:00 ] ::1 /admin/index.php/Home/Index/res/lib/ligerUI/skins/Aqua/css/ligerui-all.css
ERR: 非法操作:res

[ 2015-04-14T15:34:56+08:00 ] ::1 /admin/index.php/Home/Index/res/lib/ligerUI/js/ligerui.min.js
ERR: 非法操作:res

[ 2015-04-14T15:36:58+08:00 ] ::1 /admin/index.php/Home/Index/user_info.php
ERR: 非法操作:user_info.php

[ 2015-04-14T15:41:00+08:00 ] ::1 /admin/index.php/Home/Index/index.php/Home/User/userinfo
ERR: 非法操作:index.php

[ 2015-04-14T15:43:17+08:00 ] ::1 /admin/index.php/Home/Index/index.php/Home/User/userinfo
ERR: 非法操作:index.php

[ 2015-04-14T15:43:40+08:00 ] ::1 /admin/index.php/Home/User/admin_index
ERR: 非法操作:admin_index

[ 2015-04-14T15:44:27+08:00 ] ::1 /admin/index.php/Home/Index/index.php/Home/User/userinfo
ERR: 非法操作:index.php

[ 2015-04-14T15:51:11+08:00 ] ::1 /admin/index.php/Home/Index/index.php/Home/User/userinfo
ERR: 非法操作:index.php

[ 2015-04-14T15:52:38+08:00 ] ::1 /admin/index.php/Home/Index/index.php/Home/User/userinfo
ERR: 非法操作:index.php

[ 2015-04-14T15:56:10+08:00 ] ::1 /admin/index.php/Home/Index/index.php/Home/User/userinfo
ERR: 非法操作:index.php

[ 2015-04-14T16:11:09+08:00 ] ::1 /admin/index.php/Home/User/userinfo
ERR: Think\Model:username方法不存在！

[ 2015-04-14T16:11:09+08:00 ] ::1 /admin/index.php/Home/User/userinfo
ERR: Think\Model:username方法不存在！

