[ 2015-03-23T09:30:45+08:00 ] 127.0.0.1 /lunwen/index.php/home/user/login
INFO: [ app_begin ] --START--
INFO: Run Behavior\ReadHtmlCacheBehavior [ RunTime:0.000000s ]
INFO: [ app_begin ] --END-- [ RunTime:0.000000s ]
NOTIC: [2] mysql_connect() [<a href='function.mysql-connect'>function.mysql-connect</a>]: [2002] ÓÉÓÚÄ¿±ê¼ÆËã»ú»ý¼«¾Ü¾ø£¬ÎÞ·¨Á¬½Ó¡£
 (trying to connect via tcp://localhost:3306) C:\phpworkspace\lunwen\ThinkPHP\Library\Think\Db\Driver\Mysql.class.php ç¬¬ 52 è¡Œ.
NOTIC: [2] mysql_connect() [<a href='function.mysql-connect'>function.mysql-connect</a>]: ÓÉÓÚÄ¿±ê¼ÆËã»ú»ý¼«¾Ü¾ø£¬ÎÞ·¨Á¬½Ó¡£
 C:\phpworkspace\lunwen\ThinkPHP\Library\Think\Db\Driver\Mysql.class.php ç¬¬ 52 è¡Œ.
ERR: ÓÉÓÚÄ¿±ê¼ÆËã»ú»ý¼«¾Ü¾ø£¬ÎÞ·¨Á¬½Ó¡£


[ 2015-03-23T09:31:02+08:00 ] 127.0.0.1 /lunwen/index.php/home/user/login
INFO: [ app_begin ] --START--
INFO: Run Behavior\ReadHtmlCacheBehavior [ RunTime:0.000000s ]
INFO: [ app_begin ] --END-- [ RunTime:0.002000s ]
SQL: SHOW COLUMNS FROM `user` [ RunTime:0.031200s ]
SQL: SELECT * FROM `user` WHERE ( username='admin' and password='admin' ) LIMIT 1   [ RunTime:0.000000s ]
INFO: [ app_end ] --START--
INFO: Run Behavior\ShowPageTraceBehavior [ RunTime:0.000000s ]
INFO: [ app_end ] --END-- [ RunTime:0.000000s ]

[ 2015-03-23T09:31:03+08:00 ] 127.0.0.1 /lunwen/index.php/home/index/authority_tree
INFO: [ app_begin ] --START--
INFO: Run Behavior\ReadHtmlCacheBehavior [ RunTime:0.001000s ]
INFO: [ app_begin ] --END-- [ RunTime:0.002000s ]
SQL: SHOW COLUMNS FROM `user` [ RunTime:0.015600s ]
SQL: SELECT * FROM `user` WHERE ( username='admin' and password ='admin' )  [ RunTime:0.000000s ]
SQL: SHOW COLUMNS FROM `role` [ RunTime:0.015600s ]
SQL: SELECT * FROM `role` WHERE ( id=1 )  [ RunTime:0.000000s ]
SQL: SHOW COLUMNS FROM `authority` [ RunTime:0.015600s ]
SQL: SELECT * FROM `authority`  [ RunTime:0.000000s ]
INFO: [ app_end ] --START--
INFO: Run Behavior\ShowPageTraceBehavior [ RunTime:0.000000s ]
INFO: [ app_end ] --END-- [ RunTime:0.000000s ]

[ 2015-03-23T09:31:33+08:00 ] 127.0.0.1 /lunwen/index.php/home/dept/dept_tree
INFO: [ app_begin ] --START--
INFO: Run Behavior\ReadHtmlCacheBehavior [ RunTime:0.001000s ]
INFO: [ app_begin ] --END-- [ RunTime:0.001000s ]
SQL: SHOW COLUMNS FROM `dept` [ RunTime:0.014001s ]
SQL: SELECT * FROM `dept`  [ RunTime:0.001000s ]
INFO: [ app_end ] --START--
INFO: Run Behavior\ShowPageTraceBehavior [ RunTime:0.002000s ]
INFO: [ app_end ] --END-- [ RunTime:0.002000s ]

[ 2015-03-23T09:31:34+08:00 ] 127.0.0.1 /lunwen/index.php/home/device/device_type_data
INFO: [ app_begin ] --START--
INFO: Run Behavior\ReadHtmlCacheBehavior [ RunTime:0.001000s ]
INFO: [ app_begin ] --END-- [ RunTime:0.001000s ]
SQL: SHOW COLUMNS FROM `device_rate` [ RunTime:0.015001s ]
SQL: SELECT * FROM `device_rate`  [ RunTime:0.001000s ]
INFO: [ app_end ] --START--
INFO: Run Behavior\ShowPageTraceBehavior [ RunTime:0.002001s ]
INFO: [ app_end ] --END-- [ RunTime:0.003001s ]

[ 2015-03-23T09:32:58+08:00 ] 127.0.0.1 /lunwen/index.php/home/index/authority_tree
INFO: [ app_begin ] --START--
INFO: Run Behavior\ReadHtmlCacheBehavior [ RunTime:0.001000s ]
INFO: [ app_begin ] --END-- [ RunTime:0.002000s ]
SQL: SHOW COLUMNS FROM `user` [ RunTime:0.010000s ]
SQL: SELECT * FROM `user` WHERE ( username='admin' and password ='admin' )  [ RunTime:0.001000s ]
SQL: SHOW COLUMNS FROM `role` [ RunTime:0.007001s ]
SQL: SELECT * FROM `role` WHERE ( id=1 )  [ RunTime:0.001000s ]
SQL: SHOW COLUMNS FROM `authority` [ RunTime:0.007000s ]
SQL: SELECT * FROM `authority`  [ RunTime:0.000000s ]
INFO: [ app_end ] --START--
INFO: Run Behavior\ShowPageTraceBehavior [ RunTime:0.001000s ]
INFO: [ app_end ] --END-- [ RunTime:0.001000s ]

[ 2015-03-23T09:36:20+08:00 ] 127.0.0.1 /lunwen/index.php/home/user/login
INFO: [ app_begin ] --START--
INFO: Run Behavior\ReadHtmlCacheBehavior [ RunTime:0.000000s ]
INFO: [ app_begin ] --END-- [ RunTime:0.001000s ]
SQL: SHOW COLUMNS FROM `user` [ RunTime:0.006000s ]
SQL: SELECT * FROM `user` WHERE ( username='admin' and password='admin' ) LIMIT 1   [ RunTime:0.000000s ]
INFO: [ app_end ] --START--
INFO: Run Behavior\ShowPageTraceBehavior [ RunTime:0.001000s ]
INFO: [ app_end ] --END-- [ RunTime:0.001000s ]

[ 2015-03-23T09:36:22+08:00 ] 127.0.0.1 /lunwen/index.php/home/index/authority_tree
INFO: [ app_begin ] --START--
INFO: Run Behavior\ReadHtmlCacheBehavior [ RunTime:0.001001s ]
INFO: [ app_begin ] --END-- [ RunTime:0.002001s ]
SQL: SHOW COLUMNS FROM `user` [ RunTime:0.005001s ]
SQL: SELECT * FROM `user` WHERE ( username='admin' and password ='admin' )  [ RunTime:0.000000s ]
SQL: SHOW COLUMNS FROM `role` [ RunTime:0.005000s ]
SQL: SELECT * FROM `role` WHERE ( id=1 )  [ RunTime:0.000000s ]
SQL: SHOW COLUMNS FROM `authority` [ RunTime:0.005001s ]
SQL: SELECT * FROM `authority`  [ RunTime:0.001000s ]
INFO: [ app_end ] --START--
INFO: Run Behavior\ShowPageTraceBehavior [ RunTime:0.001000s ]
INFO: [ app_end ] --END-- [ RunTime:0.001000s ]

[ 2015-03-23T09:36:39+08:00 ] 127.0.0.1 /lunwen/index.php/home/dept/dept_tree
INFO: [ app_begin ] --START--
INFO: Run Behavior\ReadHtmlCacheBehavior [ RunTime:0.001000s ]
INFO: [ app_begin ] --END-- [ RunTime:0.001000s ]
SQL: SHOW COLUMNS FROM `dept` [ RunTime:0.012001s ]
SQL: SELECT * FROM `dept`  [ RunTime:0.001000s ]
INFO: [ app_end ] --START--
INFO: Run Behavior\ShowPageTraceBehavior [ RunTime:0.003000s ]
INFO: [ app_end ] --END-- [ RunTime:0.003000s ]

[ 2015-03-23T09:36:40+08:00 ] 127.0.0.1 /lunwen/index.php/home/dept/dept_tree
INFO: [ app_begin ] --START--
INFO: Run Behavior\ReadHtmlCacheBehavior [ RunTime:0.001000s ]
INFO: [ app_begin ] --END-- [ RunTime:0.001000s ]
SQL: SHOW COLUMNS FROM `dept` [ RunTime:0.011000s ]
SQL: SELECT * FROM `dept`  [ RunTime:0.001000s ]
INFO: [ app_end ] --START--
INFO: Run Behavior\ShowPageTraceBehavior [ RunTime:0.003001s ]
INFO: [ app_end ] --END-- [ RunTime:0.004001s ]

[ 2015-03-23T09:36:47+08:00 ] 127.0.0.1 /lunwen/index.php/home/dept/dept_tree
INFO: [ app_begin ] --START--
INFO: Run Behavior\ReadHtmlCacheBehavior [ RunTime:0.001000s ]
INFO: [ app_begin ] --END-- [ RunTime:0.001000s ]
SQL: SHOW COLUMNS FROM `dept` [ RunTime:0.005000s ]
SQL: SELECT * FROM `dept`  [ RunTime:0.000000s ]
INFO: [ app_end ] --START--
INFO: Run Behavior\ShowPageTraceBehavior [ RunTime:0.001000s ]
INFO: [ app_end ] --END-- [ RunTime:0.001000s ]

[ 2015-03-23T09:36:48+08:00 ] 127.0.0.1 /lunwen/index.php/home/device/device_type_data
INFO: [ app_begin ] --START--
INFO: Run Behavior\ReadHtmlCacheBehavior [ RunTime:0.001000s ]
INFO: [ app_begin ] --END-- [ RunTime:0.002000s ]
SQL: SHOW COLUMNS FROM `device_rate` [ RunTime:0.005001s ]
SQL: SELECT * FROM `device_rate`  [ RunTime:0.000000s ]
INFO: [ app_end ] --START--
INFO: Run Behavior\ShowPageTraceBehavior [ RunTime:0.001000s ]
INFO: [ app_end ] --END-- [ RunTime:0.001000s ]

[ 2015-03-23T09:36:52+08:00 ] 127.0.0.1 /lunwen/index.php/home/dept/dept_tree
INFO: [ app_begin ] --START--
INFO: Run Behavior\ReadHtmlCacheBehavior [ RunTime:0.001000s ]
INFO: [ app_begin ] --END-- [ RunTime:0.004000s ]
SQL: SHOW COLUMNS FROM `dept` [ RunTime:0.005001s ]
SQL: SELECT * FROM `dept`  [ RunTime:0.000000s ]
INFO: [ app_end ] --START--
INFO: Run Behavior\ShowPageTraceBehavior [ RunTime:0.001000s ]
INFO: [ app_end ] --END-- [ RunTime:0.001000s ]

[ 2015-03-23T09:36:53+08:00 ] 127.0.0.1 /lunwen/index.php/home/device/device_type_data
INFO: [ app_begin ] --START--
INFO: Run Behavior\ReadHtmlCacheBehavior [ RunTime:0.002000s ]
INFO: [ app_begin ] --END-- [ RunTime:0.002000s ]
SQL: SHOW COLUMNS FROM `device_rate` [ RunTime:0.005000s ]
SQL: SELECT * FROM `device_rate`  [ RunTime:0.001000s ]
INFO: [ app_end ] --START--
INFO: Run Behavior\ShowPageTraceBehavior [ RunTime:0.001000s ]
INFO: [ app_end ] --END-- [ RunTime:0.001000s ]

[ 2015-03-23T09:50:49+08:00 ] 127.0.0.1 /lunwen/index.php/home/index/authority_tree
INFO: [ app_begin ] --START--
INFO: Run Behavior\ReadHtmlCacheBehavior [ RunTime:0.001000s ]
INFO: [ app_begin ] --END-- [ RunTime:0.002000s ]
SQL: SHOW COLUMNS FROM `user` [ RunTime:0.007000s ]
SQL: SELECT * FROM `user` WHERE ( username='admin' and password ='admin' )  [ RunTime:0.001000s ]
SQL: SHOW COLUMNS FROM `role` [ RunTime:0.007000s ]
SQL: SELECT * FROM `role` WHERE ( id=1 )  [ RunTime:0.001000s ]
SQL: SHOW COLUMNS FROM `authority` [ RunTime:0.006000s ]
SQL: SELECT * FROM `authority`  [ RunTime:0.001000s ]
INFO: [ app_end ] --START--
INFO: Run Behavior\ShowPageTraceBehavior [ RunTime:0.001001s ]
INFO: [ app_end ] --END-- [ RunTime:0.001001s ]

[ 2015-03-23T09:50:52+08:00 ] 127.0.0.1 /lunwen/index.php/home/dept/dept_tree
INFO: [ app_begin ] --START--
INFO: Run Behavior\ReadHtmlCacheBehavior [ RunTime:0.001000s ]
INFO: [ app_begin ] --END-- [ RunTime:0.001000s ]
SQL: SHOW COLUMNS FROM `dept` [ RunTime:0.013001s ]
SQL: SELECT * FROM `dept`  [ RunTime:0.001000s ]
INFO: [ app_end ] --START--
INFO: Run Behavior\ShowPageTraceBehavior [ RunTime:0.002000s ]
INFO: [ app_end ] --END-- [ RunTime:0.003001s ]

[ 2015-03-23T09:51:39+08:00 ] 127.0.0.1 /lunwen/index.php/home/index/authority_tree
INFO: [ app_begin ] --START--
INFO: Run Behavior\ReadHtmlCacheBehavior [ RunTime:0.001000s ]
INFO: [ app_begin ] --END-- [ RunTime:0.002000s ]
SQL: SHOW COLUMNS FROM `user` [ RunTime:0.013001s ]
SQL: SELECT * FROM `user` WHERE ( username='admin' and password ='admin' )  [ RunTime:0.001000s ]
SQL: SHOW COLUMNS FROM `role` [ RunTime:0.009000s ]
SQL: SELECT * FROM `role` WHERE ( id=1 )  [ RunTime:0.001001s ]
SQL: SHOW COLUMNS FROM `authority` [ RunTime:0.013000s ]
SQL: SELECT * FROM `authority`  [ RunTime:0.000000s ]
INFO: [ app_end ] --START--
INFO: Run Behavior\ShowPageTraceBehavior [ RunTime:0.001001s ]
INFO: [ app_end ] --END-- [ RunTime:0.002001s ]

[ 2015-03-23T09:51:42+08:00 ] 127.0.0.1 /lunwen/index.php/home/dept/dept_tree
INFO: [ app_begin ] --START--
INFO: Run Behavior\ReadHtmlCacheBehavior [ RunTime:0.001000s ]
INFO: [ app_begin ] --END-- [ RunTime:0.002000s ]
SQL: SHOW COLUMNS FROM `dept` [ RunTime:0.012000s ]
SQL: SELECT * FROM `dept`  [ RunTime:0.001000s ]
INFO: [ app_end ] --START--
INFO: Run Behavior\ShowPageTraceBehavior [ RunTime:0.003000s ]
INFO: [ app_end ] --END-- [ RunTime:0.003000s ]

[ 2015-03-23T09:51:52+08:00 ] 127.0.0.1 /lunwen/index.php/home/index/authority_tree
INFO: [ app_begin ] --START--
INFO: Run Behavior\ReadHtmlCacheBehavior [ RunTime:0.001000s ]
INFO: [ app_begin ] --END-- [ RunTime:0.002000s ]
SQL: SHOW COLUMNS FROM `user` [ RunTime:0.012001s ]
SQL: SELECT * FROM `user` WHERE ( username='admin' and password ='admin' )  [ RunTime:0.001000s ]
SQL: SHOW COLUMNS FROM `role` [ RunTime:0.012001s ]
SQL: SELECT * FROM `role` WHERE ( id=1 )  [ RunTime:0.001000s ]
SQL: SHOW COLUMNS FROM `authority` [ RunTime:0.009001s ]
SQL: SELECT * FROM `authority`  [ RunTime:0.001000s ]
INFO: [ app_end ] --START--
INFO: Run Behavior\ShowPageTraceBehavior [ RunTime:0.001000s ]
INFO: [ app_end ] --END-- [ RunTime:0.001000s ]

[ 2015-03-23T09:52:00+08:00 ] 127.0.0.1 /lunwen/index.php/home/dept/dept_tree
INFO: [ app_begin ] --START--
INFO: Run Behavior\ReadHtmlCacheBehavior [ RunTime:0.000000s ]
INFO: [ app_begin ] --END-- [ RunTime:0.001000s ]
SQL: SHOW COLUMNS FROM `dept` [ RunTime:0.011000s ]
SQL: SELECT * FROM `dept`  [ RunTime:0.001001s ]
INFO: [ app_end ] --START--
INFO: Run Behavior\ShowPageTraceBehavior [ RunTime:0.002000s ]
INFO: [ app_end ] --END-- [ RunTime:0.002000s ]

[ 2015-03-23T09:52:14+08:00 ] 127.0.0.1 /lunwen/index.php/home/index/authority_tree
INFO: [ app_begin ] --START--
INFO: Run Behavior\ReadHtmlCacheBehavior [ RunTime:0.002000s ]
INFO: [ app_begin ] --END-- [ RunTime:0.003001s ]
SQL: SHOW COLUMNS FROM `user` [ RunTime:0.011001s ]
SQL: SELECT * FROM `user` WHERE ( username='admin' and password ='admin' )  [ RunTime:0.001000s ]
SQL: SHOW COLUMNS FROM `role` [ RunTime:0.008001s ]
SQL: SELECT * FROM `role` WHERE ( id=1 )  [ RunTime:0.001000s ]
SQL: SHOW COLUMNS FROM `authority` [ RunTime:0.006000s ]
SQL: SELECT * FROM `authority`  [ RunTime:0.001000s ]
INFO: [ app_end ] --START--
INFO: Run Behavior\ShowPageTraceBehavior [ RunTime:0.001000s ]
INFO: [ app_end ] --END-- [ RunTime:0.001000s ]

[ 2015-03-23T09:52:18+08:00 ] 127.0.0.1 /lunwen/index.php/home/dept/dept_tree
INFO: [ app_begin ] --START--
INFO: Run Behavior\ReadHtmlCacheBehavior [ RunTime:0.000000s ]
INFO: [ app_begin ] --END-- [ RunTime:0.001000s ]
SQL: SHOW COLUMNS FROM `dept` [ RunTime:0.005001s ]
SQL: SELECT * FROM `dept`  [ RunTime:0.000000s ]
INFO: [ app_end ] --START--
INFO: Run Behavior\ShowPageTraceBehavior [ RunTime:0.001000s ]
INFO: [ app_end ] --END-- [ RunTime:0.002000s ]

[ 2015-03-23T09:53:23+08:00 ] 127.0.0.1 /lunwen/index.php/home/index/authority_tree
INFO: [ app_begin ] --START--
INFO: Run Behavior\ReadHtmlCacheBehavior [ RunTime:0.001000s ]
INFO: [ app_begin ] --END-- [ RunTime:0.001000s ]
SQL: SHOW COLUMNS FROM `user` [ RunTime:0.004000s ]
SQL: SELECT * FROM `user` WHERE ( username='admin' and password ='admin' )  [ RunTime:0.000000s ]
SQL: SHOW COLUMNS FROM `role` [ RunTime:0.005000s ]
SQL: SELECT * FROM `role` WHERE ( id=1 )  [ RunTime:0.000000s ]
SQL: SHOW COLUMNS FROM `authority` [ RunTime:0.005001s ]
SQL: SELECT * FROM `authority`  [ RunTime:0.001000s ]
INFO: [ app_end ] --START--
INFO: Run Behavior\ShowPageTraceBehavior [ RunTime:0.001000s ]
INFO: [ app_end ] --END-- [ RunTime:0.001000s ]

[ 2015-03-23T09:53:26+08:00 ] 127.0.0.1 /lunwen/index.php/home/dept/dept_tree
INFO: [ app_begin ] --START--
INFO: Run Behavior\ReadHtmlCacheBehavior [ RunTime:0.000000s ]
INFO: [ app_begin ] --END-- [ RunTime:0.001000s ]
SQL: SHOW COLUMNS FROM `dept` [ RunTime:0.003000s ]
SQL: SELECT * FROM `dept`  [ RunTime:0.000000s ]
INFO: [ app_end ] --START--
INFO: Run Behavior\ShowPageTraceBehavior [ RunTime:0.001000s ]
INFO: [ app_end ] --END-- [ RunTime:0.001000s ]

[ 2015-03-23T09:54:56+08:00 ] 127.0.0.1 /lunwen/index.php/home/index/authority_tree
INFO: [ app_begin ] --START--
INFO: Run Behavior\ReadHtmlCacheBehavior [ RunTime:0.001000s ]
INFO: [ app_begin ] --END-- [ RunTime:0.002000s ]
SQL: SHOW COLUMNS FROM `user` [ RunTime:0.008001s ]
SQL: SELECT * FROM `user` WHERE ( username='admin' and password ='admin' )  [ RunTime:0.001000s ]
SQL: SHOW COLUMNS FROM `role` [ RunTime:0.009000s ]
SQL: SELECT * FROM `role` WHERE ( id=1 )  [ RunTime:0.001000s ]
SQL: SHOW COLUMNS FROM `authority` [ RunTime:0.006001s ]
SQL: SELECT * FROM `authority`  [ RunTime:0.000000s ]
INFO: [ app_end ] --START--
INFO: Run Behavior\ShowPageTraceBehavior [ RunTime:0.001000s ]
INFO: [ app_end ] --END-- [ RunTime:0.001000s ]

[ 2015-03-23T09:54:59+08:00 ] 127.0.0.1 /lunwen/index.php/home/dept/dept_tree
INFO: [ app_begin ] --START--
INFO: Run Behavior\ReadHtmlCacheBehavior [ RunTime:0.001000s ]
INFO: [ app_begin ] --END-- [ RunTime:0.002000s ]
SQL: SHOW COLUMNS FROM `dept` [ RunTime:0.005001s ]
SQL: SELECT * FROM `dept`  [ RunTime:0.001000s ]
INFO: [ app_end ] --START--
INFO: Run Behavior\ShowPageTraceBehavior [ RunTime:0.001000s ]
INFO: [ app_end ] --END-- [ RunTime:0.001000s ]

[ 2015-03-23T09:55:00+08:00 ] 127.0.0.1 /lunwen/index.php/home/device/device_type_data
INFO: [ app_begin ] --START--
INFO: Run Behavior\ReadHtmlCacheBehavior [ RunTime:0.001000s ]
INFO: [ app_begin ] --END-- [ RunTime:0.002000s ]
SQL: SHOW COLUMNS FROM `device_rate` [ RunTime:0.005000s ]
SQL: SELECT * FROM `device_rate`  [ RunTime:0.000000s ]
INFO: [ app_end ] --START--
INFO: Run Behavior\ShowPageTraceBehavior [ RunTime:0.001000s ]
INFO: [ app_end ] --END-- [ RunTime:0.001000s ]

[ 2015-03-23T10:07:51+08:00 ] 127.0.0.1 /lunwen/index.php/home/index/authority_tree
INFO: [ app_begin ] --START--
INFO: Run Behavior\ReadHtmlCacheBehavior [ RunTime:0.001000s ]
INFO: [ app_begin ] --END-- [ RunTime:0.002000s ]
SQL: SHOW COLUMNS FROM `user` [ RunTime:0.015001s ]
SQL: SELECT * FROM `user` WHERE ( username='admin' and password ='admin' )  [ RunTime:0.001000s ]
SQL: SHOW COLUMNS FROM `role` [ RunTime:0.010001s ]
SQL: SELECT * FROM `role` WHERE ( id=1 )  [ RunTime:0.000000s ]
SQL: SHOW COLUMNS FROM `authority` [ RunTime:0.007000s ]
SQL: SELECT * FROM `authority`  [ RunTime:0.001000s ]
INFO: [ app_end ] --START--
INFO: Run Behavior\ShowPageTraceBehavior [ RunTime:0.002000s ]
INFO: [ app_end ] --END-- [ RunTime:0.002000s ]

[ 2015-03-23T10:08:01+08:00 ] 127.0.0.1 /lunwen/index.php/home/dept/dept_tree
INFO: [ app_begin ] --START--
INFO: Run Behavior\ReadHtmlCacheBehavior [ RunTime:0.000000s ]
INFO: [ app_begin ] --END-- [ RunTime:0.001000s ]
SQL: SHOW COLUMNS FROM `dept` [ RunTime:0.006000s ]
SQL: SELECT * FROM `dept`  [ RunTime:0.000000s ]
INFO: [ app_end ] --START--
INFO: Run Behavior\ShowPageTraceBehavior [ RunTime:0.001000s ]
INFO: [ app_end ] --END-- [ RunTime:0.002001s ]

[ 2015-03-23T10:08:02+08:00 ] 127.0.0.1 /lunwen/index.php/home/device/device_type_data
INFO: [ app_begin ] --START--
INFO: Run Behavior\ReadHtmlCacheBehavior [ RunTime:0.001000s ]
INFO: [ app_begin ] --END-- [ RunTime:0.001000s ]
SQL: SHOW COLUMNS FROM `device_rate` [ RunTime:0.012001s ]
SQL: SELECT * FROM `device_rate`  [ RunTime:0.001000s ]
INFO: [ app_end ] --START--
INFO: Run Behavior\ShowPageTraceBehavior [ RunTime:0.001000s ]
INFO: [ app_end ] --END-- [ RunTime:0.001000s ]

[ 2015-03-23T10:08:46+08:00 ] 127.0.0.1 /lunwen/index.php/home/index/authority_tree
INFO: [ app_begin ] --START--
INFO: Run Behavior\ReadHtmlCacheBehavior [ RunTime:0.001000s ]
INFO: [ app_begin ] --END-- [ RunTime:0.002000s ]
SQL: SHOW COLUMNS FROM `user` [ RunTime:0.007000s ]
SQL: SELECT * FROM `user` WHERE ( username='admin' and password ='admin' )  [ RunTime:0.002000s ]
SQL: SHOW COLUMNS FROM `role` [ RunTime:0.006001s ]
SQL: SELECT * FROM `role` WHERE ( id=1 )  [ RunTime:0.000000s ]
SQL: SHOW COLUMNS FROM `authority` [ RunTime:0.005000s ]
SQL: SELECT * FROM `authority`  [ RunTime:0.001000s ]
INFO: [ app_end ] --START--
INFO: Run Behavior\ShowPageTraceBehavior [ RunTime:0.001000s ]
INFO: [ app_end ] --END-- [ RunTime:0.001000s ]

[ 2015-03-23T10:08:51+08:00 ] 127.0.0.1 /lunwen/index.php/home/dept/dept_tree
INFO: [ app_begin ] --START--
INFO: Run Behavior\ReadHtmlCacheBehavior [ RunTime:0.001000s ]
INFO: [ app_begin ] --END-- [ RunTime:0.001000s ]
SQL: SHOW COLUMNS FROM `dept` [ RunTime:0.015001s ]
SQL: SELECT * FROM `dept`  [ RunTime:0.000000s ]
INFO: [ app_end ] --START--
INFO: Run Behavior\ShowPageTraceBehavior [ RunTime:0.001000s ]
INFO: [ app_end ] --END-- [ RunTime:0.001000s ]

[ 2015-03-23T10:08:52+08:00 ] 127.0.0.1 /lunwen/index.php/home/device/device_type_data
INFO: [ app_begin ] --START--
INFO: Run Behavior\ReadHtmlCacheBehavior [ RunTime:0.001000s ]
INFO: [ app_begin ] --END-- [ RunTime:0.002000s ]
SQL: SHOW COLUMNS FROM `device_rate` [ RunTime:0.007000s ]
SQL: SELECT * FROM `device_rate`  [ RunTime:0.000000s ]
INFO: [ app_end ] --START--
INFO: Run Behavior\ShowPageTraceBehavior [ RunTime:0.002001s ]
INFO: [ app_end ] --END-- [ RunTime:0.002001s ]

[ 2015-03-23T10:09:53+08:00 ] 127.0.0.1 /lunwen/index.php/home/dept/dept_tree
INFO: [ app_begin ] --START--
INFO: Run Behavior\ReadHtmlCacheBehavior [ RunTime:0.000000s ]
INFO: [ app_begin ] --END-- [ RunTime:0.001000s ]
SQL: SHOW COLUMNS FROM `dept` [ RunTime:0.009000s ]
SQL: SELECT * FROM `dept`  [ RunTime:0.001001s ]
INFO: [ app_end ] --START--
INFO: Run Behavior\ShowPageTraceBehavior [ RunTime:0.001000s ]
INFO: [ app_end ] --END-- [ RunTime:0.001000s ]

[ 2015-03-23T10:09:54+08:00 ] 127.0.0.1 /lunwen/index.php/home/device/device_type_data
INFO: [ app_begin ] --START--
INFO: Run Behavior\ReadHtmlCacheBehavior [ RunTime:0.000000s ]
INFO: [ app_begin ] --END-- [ RunTime:0.002000s ]
SQL: SHOW COLUMNS FROM `device_rate` [ RunTime:0.007000s ]
SQL: SELECT * FROM `device_rate`  [ RunTime:0.001000s ]
INFO: [ app_end ] --START--
INFO: Run Behavior\ShowPageTraceBehavior [ RunTime:0.001000s ]
INFO: [ app_end ] --END-- [ RunTime:0.001000s ]

[ 2015-03-23T10:14:10+08:00 ] 127.0.0.1 /lunwen/index.php/home/dept/dept_tree
INFO: [ app_begin ] --START--
INFO: Run Behavior\ReadHtmlCacheBehavior [ RunTime:0.001000s ]
INFO: [ app_begin ] --END-- [ RunTime:0.002000s ]
SQL: SHOW COLUMNS FROM `dept` [ RunTime:0.007000s ]
SQL: SELECT * FROM `dept`  [ RunTime:0.001000s ]
INFO: [ app_end ] --START--
INFO: Run Behavior\ShowPageTraceBehavior [ RunTime:0.001001s ]
INFO: [ app_end ] --END-- [ RunTime:0.002001s ]

[ 2015-03-23T10:14:11+08:00 ] 127.0.0.1 /lunwen/index.php/home/device/device_type_data
INFO: [ app_begin ] --START--
INFO: Run Behavior\ReadHtmlCacheBehavior [ RunTime:0.001000s ]
INFO: [ app_begin ] --END-- [ RunTime:0.001000s ]
SQL: SHOW COLUMNS FROM `device_rate` [ RunTime:0.005000s ]
SQL: SELECT * FROM `device_rate`  [ RunTime:0.000000s ]
INFO: [ app_end ] --START--
INFO: Run Behavior\ShowPageTraceBehavior [ RunTime:0.001000s ]
INFO: [ app_end ] --END-- [ RunTime:0.001000s ]

[ 2015-03-23T10:15:19+08:00 ] 127.0.0.1 /lunwen/index.php/home/index/authority_tree
INFO: [ app_begin ] --START--
INFO: Run Behavior\ReadHtmlCacheBehavior [ RunTime:0.001000s ]
INFO: [ app_begin ] --END-- [ RunTime:0.002000s ]
SQL: SHOW COLUMNS FROM `user` [ RunTime:0.004000s ]
SQL: SELECT * FROM `user` WHERE ( username='admin' and password ='admin' )  [ RunTime:0.000000s ]
SQL: SHOW COLUMNS FROM `role` [ RunTime:0.003000s ]
SQL: SELECT * FROM `role` WHERE ( id=1 )  [ RunTime:0.000000s ]
SQL: SHOW COLUMNS FROM `authority` [ RunTime:0.004001s ]
SQL: SELECT * FROM `authority`  [ RunTime:0.001000s ]
INFO: [ app_end ] --START--
INFO: Run Behavior\ShowPageTraceBehavior [ RunTime:0.001000s ]
INFO: [ app_end ] --END-- [ RunTime:0.001000s ]

[ 2015-03-23T10:15:21+08:00 ] 127.0.0.1 /lunwen/index.php/home/dept/dept_tree
INFO: [ app_begin ] --START--
INFO: Run Behavior\ReadHtmlCacheBehavior [ RunTime:0.001000s ]
INFO: [ app_begin ] --END-- [ RunTime:0.001000s ]
SQL: SHOW COLUMNS FROM `dept` [ RunTime:0.005001s ]
SQL: SELECT * FROM `dept`  [ RunTime:0.000000s ]
INFO: [ app_end ] --START--
INFO: Run Behavior\ShowPageTraceBehavior [ RunTime:0.001000s ]
INFO: [ app_end ] --END-- [ RunTime:0.002000s ]

[ 2015-03-23T10:15:22+08:00 ] 127.0.0.1 /lunwen/index.php/home/device/device_type_data
INFO: [ app_begin ] --START--
INFO: Run Behavior\ReadHtmlCacheBehavior [ RunTime:0.001000s ]
INFO: [ app_begin ] --END-- [ RunTime:0.001000s ]
SQL: SHOW COLUMNS FROM `device_rate` [ RunTime:0.008001s ]
SQL: SELECT * FROM `device_rate`  [ RunTime:0.001000s ]
INFO: [ app_end ] --START--
INFO: Run Behavior\ShowPageTraceBehavior [ RunTime:0.001000s ]
INFO: [ app_end ] --END-- [ RunTime:0.002000s ]

[ 2015-03-23T10:15:32+08:00 ] 127.0.0.1 /lunwen/index.php/home/dept/dept_tree
INFO: [ app_begin ] --START--
INFO: Run Behavior\ReadHtmlCacheBehavior [ RunTime:0.001000s ]
INFO: [ app_begin ] --END-- [ RunTime:0.002000s ]
SQL: SHOW COLUMNS FROM `dept` [ RunTime:0.013001s ]
SQL: SELECT * FROM `dept`  [ RunTime:0.002000s ]
INFO: [ app_end ] --START--
INFO: Run Behavior\ShowPageTraceBehavior [ RunTime:0.002000s ]
INFO: [ app_end ] --END-- [ RunTime:0.002000s ]

[ 2015-03-23T10:15:33+08:00 ] 127.0.0.1 /lunwen/index.php/home/device/device_type_data
INFO: [ app_begin ] --START--
INFO: Run Behavior\ReadHtmlCacheBehavior [ RunTime:0.001000s ]
INFO: [ app_begin ] --END-- [ RunTime:0.001000s ]
SQL: SHOW COLUMNS FROM `device_rate` [ RunTime:0.010000s ]
SQL: SELECT * FROM `device_rate`  [ RunTime:0.001000s ]
INFO: [ app_end ] --START--
INFO: Run Behavior\ShowPageTraceBehavior [ RunTime:0.002000s ]
INFO: [ app_end ] --END-- [ RunTime:0.002000s ]

[ 2015-03-23T10:16:31+08:00 ] 127.0.0.1 /lunwen/index.php/home/dept/dept_tree
INFO: [ app_begin ] --START--
INFO: Run Behavior\ReadHtmlCacheBehavior [ RunTime:0.001000s ]
INFO: [ app_begin ] --END-- [ RunTime:0.001000s ]
SQL: SHOW COLUMNS FROM `dept` [ RunTime:0.007000s ]
SQL: SELECT * FROM `dept`  [ RunTime:0.001000s ]
INFO: [ app_end ] --START--
INFO: Run Behavior\ShowPageTraceBehavior [ RunTime:0.001000s ]
INFO: [ app_end ] --END-- [ RunTime:0.001000s ]

[ 2015-03-23T10:16:32+08:00 ] 127.0.0.1 /lunwen/index.php/home/device/device_type_data
INFO: [ app_begin ] --START--
INFO: Run Behavior\ReadHtmlCacheBehavior [ RunTime:0.000000s ]
INFO: [ app_begin ] --END-- [ RunTime:0.001000s ]
SQL: SHOW COLUMNS FROM `device_rate` [ RunTime:0.006000s ]
SQL: SELECT * FROM `device_rate`  [ RunTime:0.000000s ]
INFO: [ app_end ] --START--
INFO: Run Behavior\ShowPageTraceBehavior [ RunTime:0.002000s ]
INFO: [ app_end ] --END-- [ RunTime:0.002000s ]

[ 2015-03-23T10:47:37+08:00 ] 127.0.0.1 /lunwen/index.php/home/dept/dept_tree
INFO: [ app_begin ] --START--
INFO: Run Behavior\ReadHtmlCacheBehavior [ RunTime:0.001000s ]
INFO: [ app_begin ] --END-- [ RunTime:0.001000s ]
NOTIC: [8] Undefined index: user C:\phpworkspace\lunwen\Application\Home\Controller\DeptController.class.php ç¬¬ 14 è¡Œ.
SQL: SHOW COLUMNS FROM `dept` [ RunTime:0.000000s ]
SQL: SELECT * FROM `dept`  [ RunTime:0.000000s ]
INFO: [ app_end ] --START--
INFO: Run Behavior\ShowPageTraceBehavior [ RunTime:0.000000s ]
INFO: [ app_end ] --END-- [ RunTime:0.000000s ]

[ 2015-03-23T10:47:38+08:00 ] 127.0.0.1 /lunwen/index.php/home/device/device_type_data
INFO: [ app_begin ] --START--
INFO: Run Behavior\ReadHtmlCacheBehavior [ RunTime:0.002000s ]
INFO: [ app_begin ] --END-- [ RunTime:0.003000s ]
SQL: SHOW COLUMNS FROM `device_rate` [ RunTime:0.012001s ]
SQL: SELECT * FROM `device_rate`  [ RunTime:0.001000s ]
INFO: [ app_end ] --START--
INFO: Run Behavior\ShowPageTraceBehavior [ RunTime:0.002000s ]
INFO: [ app_end ] --END-- [ RunTime:0.002000s ]

[ 2015-03-23T10:47:38+08:00 ] 127.0.0.1 /lunwen/index.php/home/user
INFO: [ app_begin ] --START--
INFO: Run Behavior\ReadHtmlCacheBehavior [ RunTime:0.000000s ]
INFO: [ app_begin ] --END-- [ RunTime:0.000000s ]
INFO: [ view_parse ] --START--
INFO: [ template_filter ] --START--
INFO: Run Behavior\ContentReplaceBehavior [ RunTime:0.000000s ]
INFO: [ template_filter ] --END-- [ RunTime:0.000000s ]
INFO: Run Behavior\ParseTemplateBehavior [ RunTime:0.010000s ]
INFO: [ view_parse ] --END-- [ RunTime:0.010000s ]
INFO: [ view_filter ] --START--
INFO: Run Behavior\WriteHtmlCacheBehavior [ RunTime:0.001001s ]
INFO: [ view_filter ] --END-- [ RunTime:0.001001s ]
INFO: [ app_end ] --START--
INFO: Run Behavior\ShowPageTraceBehavior [ RunTime:0.001000s ]
INFO: [ app_end ] --END-- [ RunTime:0.001000s ]

[ 2015-03-23T10:47:52+08:00 ] 127.0.0.1 /lunwen/index.php/home/user/login
INFO: [ app_begin ] --START--
INFO: Run Behavior\ReadHtmlCacheBehavior [ RunTime:0.001000s ]
INFO: [ app_begin ] --END-- [ RunTime:0.001000s ]
SQL: SHOW COLUMNS FROM `user` [ RunTime:0.006001s ]
SQL: SELECT * FROM `user` WHERE ( username='admin' and password='admin' ) LIMIT 1   [ RunTime:0.001000s ]
INFO: [ app_end ] --START--
INFO: Run Behavior\ShowPageTraceBehavior [ RunTime:0.001000s ]
INFO: [ app_end ] --END-- [ RunTime:0.002000s ]

[ 2015-03-23T10:47:53+08:00 ] 127.0.0.1 /lunwen/index.php/home/index/authority_tree
INFO: [ app_begin ] --START--
INFO: Run Behavior\ReadHtmlCacheBehavior [ RunTime:0.000000s ]
INFO: [ app_begin ] --END-- [ RunTime:0.000000s ]
SQL: SHOW COLUMNS FROM `user` [ RunTime:0.015600s ]
SQL: SELECT * FROM `user` WHERE ( username='admin' and password ='admin' )  [ RunTime:0.000000s ]
SQL: SHOW COLUMNS FROM `role` [ RunTime:0.015600s ]
SQL: SELECT * FROM `role` WHERE ( id=1 )  [ RunTime:0.000000s ]
SQL: SHOW COLUMNS FROM `authority` [ RunTime:0.000000s ]
SQL: SELECT * FROM `authority`  [ RunTime:0.000000s ]
INFO: [ app_end ] --START--
INFO: Run Behavior\ShowPageTraceBehavior [ RunTime:0.000000s ]
INFO: [ app_end ] --END-- [ RunTime:0.000000s ]

[ 2015-03-23T10:47:58+08:00 ] 127.0.0.1 /lunwen/index.php/home/dept/dept_tree
INFO: [ app_begin ] --START--
INFO: Run Behavior\ReadHtmlCacheBehavior [ RunTime:0.001000s ]
INFO: [ app_begin ] --END-- [ RunTime:0.001000s ]
SQL: SHOW COLUMNS FROM `dept` [ RunTime:0.015600s ]
SQL: SELECT * FROM `dept`  [ RunTime:0.000000s ]
INFO: [ app_end ] --START--
INFO: Run Behavior\ShowPageTraceBehavior [ RunTime:0.000000s ]
INFO: [ app_end ] --END-- [ RunTime:0.000000s ]

[ 2015-03-23T10:47:59+08:00 ] 127.0.0.1 /lunwen/index.php/home/device/device_type_data
INFO: [ app_begin ] --START--
INFO: Run Behavior\ReadHtmlCacheBehavior [ RunTime:0.001000s ]
INFO: [ app_begin ] --END-- [ RunTime:0.002000s ]
SQL: SHOW COLUMNS FROM `device_rate` [ RunTime:0.000000s ]
SQL: SELECT * FROM `device_rate`  [ RunTime:0.000000s ]
INFO: [ app_end ] --START--
INFO: Run Behavior\ShowPageTraceBehavior [ RunTime:0.000000s ]
INFO: [ app_end ] --END-- [ RunTime:0.000000s ]

[ 2015-03-23T10:50:20+08:00 ] 127.0.0.1 /lunwen/index.php/home/dept/dept_tree
INFO: [ app_begin ] --START--
INFO: Run Behavior\ReadHtmlCacheBehavior [ RunTime:0.000000s ]
INFO: [ app_begin ] --END-- [ RunTime:0.000000s ]
SQL: SHOW COLUMNS FROM `dept` [ RunTime:0.014001s ]
SQL: SELECT * FROM `dept`  [ RunTime:0.001000s ]
INFO: [ app_end ] --START--
INFO: Run Behavior\ShowPageTraceBehavior [ RunTime:0.003000s ]
INFO: [ app_end ] --END-- [ RunTime:0.003000s ]

[ 2015-03-23T10:50:21+08:00 ] 127.0.0.1 /lunwen/index.php/home/device/device_type_data
INFO: [ app_begin ] --START--
INFO: Run Behavior\ReadHtmlCacheBehavior [ RunTime:0.000000s ]
INFO: [ app_begin ] --END-- [ RunTime:0.000000s ]
SQL: SHOW COLUMNS FROM `device_rate` [ RunTime:0.013001s ]
SQL: SELECT * FROM `device_rate`  [ RunTime:0.001000s ]
INFO: [ app_end ] --START--
INFO: Run Behavior\ShowPageTraceBehavior [ RunTime:0.002000s ]
INFO: [ app_end ] --END-- [ RunTime:0.002000s ]

[ 2015-03-23T10:50:23+08:00 ] 127.0.0.1 /lunwen/index.php/home/dept/dept_tree
INFO: [ app_begin ] --START--
INFO: Run Behavior\ReadHtmlCacheBehavior [ RunTime:0.001000s ]
INFO: [ app_begin ] --END-- [ RunTime:0.002000s ]
SQL: SHOW COLUMNS FROM `dept` [ RunTime:0.015600s ]
SQL: SELECT * FROM `dept`  [ RunTime:0.000000s ]
INFO: [ app_end ] --START--
INFO: Run Behavior\ShowPageTraceBehavior [ RunTime:0.000000s ]
INFO: [ app_end ] --END-- [ RunTime:0.000000s ]

[ 2015-03-23T10:50:24+08:00 ] 127.0.0.1 /lunwen/index.php/home/device/device_type_data
INFO: [ app_begin ] --START--
INFO: Run Behavior\ReadHtmlCacheBehavior [ RunTime:0.001000s ]
INFO: [ app_begin ] --END-- [ RunTime:0.001000s ]
SQL: SHOW COLUMNS FROM `device_rate` [ RunTime:0.015600s ]
SQL: SELECT * FROM `device_rate`  [ RunTime:0.000000s ]
INFO: [ app_end ] --START--
INFO: Run Behavior\ShowPageTraceBehavior [ RunTime:0.000000s ]
INFO: [ app_end ] --END-- [ RunTime:0.000000s ]

[ 2015-03-23T10:50:32+08:00 ] 127.0.0.1 /lunwen/index.php/home/dept/dept_tree
INFO: [ app_begin ] --START--
INFO: Run Behavior\ReadHtmlCacheBehavior [ RunTime:0.001000s ]
INFO: [ app_begin ] --END-- [ RunTime:0.001000s ]
SQL: SHOW COLUMNS FROM `dept` [ RunTime:0.015600s ]
SQL: SELECT * FROM `dept`  [ RunTime:0.000000s ]
INFO: [ app_end ] --START--
INFO: Run Behavior\ShowPageTraceBehavior [ RunTime:0.000000s ]
INFO: [ app_end ] --END-- [ RunTime:0.000000s ]

[ 2015-03-23T10:50:33+08:00 ] 127.0.0.1 /lunwen/index.php/home/device/device_type_data
INFO: [ app_begin ] --START--
INFO: Run Behavior\ReadHtmlCacheBehavior [ RunTime:0.001000s ]
INFO: [ app_begin ] --END-- [ RunTime:0.002000s ]
SQL: SHOW COLUMNS FROM `device_rate` [ RunTime:0.000000s ]
SQL: SELECT * FROM `device_rate`  [ RunTime:0.000000s ]
INFO: [ app_end ] --START--
INFO: Run Behavior\ShowPageTraceBehavior [ RunTime:0.000000s ]
INFO: [ app_end ] --END-- [ RunTime:0.000000s ]

[ 2015-03-23T10:50:40+08:00 ] 127.0.0.1 /lunwen/index.php/home/dept/dept_tree
INFO: [ app_begin ] --START--
INFO: Run Behavior\ReadHtmlCacheBehavior [ RunTime:0.001000s ]
INFO: [ app_begin ] --END-- [ RunTime:0.002000s ]
SQL: SHOW COLUMNS FROM `dept` [ RunTime:0.015600s ]
SQL: SELECT * FROM `dept`  [ RunTime:0.000000s ]
INFO: [ app_end ] --START--
INFO: Run Behavior\ShowPageTraceBehavior [ RunTime:0.000000s ]
INFO: [ app_end ] --END-- [ RunTime:0.000000s ]

[ 2015-03-23T10:50:41+08:00 ] 127.0.0.1 /lunwen/index.php/home/device/device_type_data
INFO: [ app_begin ] --START--
INFO: Run Behavior\ReadHtmlCacheBehavior [ RunTime:0.001000s ]
INFO: [ app_begin ] --END-- [ RunTime:0.001000s ]
SQL: SHOW COLUMNS FROM `device_rate` [ RunTime:0.015600s ]
SQL: SELECT * FROM `device_rate`  [ RunTime:0.000000s ]
INFO: [ app_end ] --START--
INFO: Run Behavior\ShowPageTraceBehavior [ RunTime:0.000000s ]
INFO: [ app_end ] --END-- [ RunTime:0.000000s ]

[ 2015-03-23T10:51:02+08:00 ] 127.0.0.1 /lunwen/index.php/home/dept/dept_tree
INFO: [ app_begin ] --START--
INFO: Run Behavior\ReadHtmlCacheBehavior [ RunTime:0.001000s ]
INFO: [ app_begin ] --END-- [ RunTime:0.001000s ]
SQL: SHOW COLUMNS FROM `dept` [ RunTime:0.000000s ]
SQL: SELECT * FROM `dept`  [ RunTime:0.015600s ]
INFO: [ app_end ] --START--
INFO: Run Behavior\ShowPageTraceBehavior [ RunTime:0.000000s ]
INFO: [ app_end ] --END-- [ RunTime:0.000000s ]

[ 2015-03-23T10:51:03+08:00 ] 127.0.0.1 /lunwen/index.php/home/device/device_type_data
INFO: [ app_begin ] --START--
INFO: Run Behavior\ReadHtmlCacheBehavior [ RunTime:0.000000s ]
INFO: [ app_begin ] --END-- [ RunTime:0.001000s ]
SQL: SHOW COLUMNS FROM `device_rate` [ RunTime:0.015600s ]
SQL: SELECT * FROM `device_rate`  [ RunTime:0.000000s ]
INFO: [ app_end ] --START--
INFO: Run Behavior\ShowPageTraceBehavior [ RunTime:0.000000s ]
INFO: [ app_end ] --END-- [ RunTime:0.000000s ]

[ 2015-03-23T10:57:07+08:00 ] 127.0.0.1 /lunwen/index.php/home/dept/dept_tree
INFO: [ app_begin ] --START--
INFO: Run Behavior\ReadHtmlCacheBehavior [ RunTime:0.001000s ]
INFO: [ app_begin ] --END-- [ RunTime:0.002000s ]
SQL: SHOW COLUMNS FROM `dept` [ RunTime:0.007001s ]
SQL: SELECT * FROM `dept`  [ RunTime:0.001000s ]
INFO: [ app_end ] --START--
INFO: Run Behavior\ShowPageTraceBehavior [ RunTime:0.001000s ]
INFO: [ app_end ] --END-- [ RunTime:0.001000s ]

[ 2015-03-23T10:57:08+08:00 ] 127.0.0.1 /lunwen/index.php/home/device/device_type_data
INFO: [ app_begin ] --START--
INFO: Run Behavior\ReadHtmlCacheBehavior [ RunTime:0.000000s ]
INFO: [ app_begin ] --END-- [ RunTime:0.001000s ]
SQL: SHOW COLUMNS FROM `device_rate` [ RunTime:0.000000s ]
SQL: SELECT * FROM `device_rate`  [ RunTime:0.000000s ]
INFO: [ app_end ] --START--
INFO: Run Behavior\ShowPageTraceBehavior [ RunTime:0.017600s ]
INFO: [ app_end ] --END-- [ RunTime:0.017600s ]

[ 2015-03-23T12:57:31+08:00 ] 127.0.0.1 /lunwen/index.php/home/dept/dept_tree
INFO: [ app_begin ] --START--
INFO: Run Behavior\ReadHtmlCacheBehavior [ RunTime:0.001000s ]
INFO: [ app_begin ] --END-- [ RunTime:0.001000s ]
SQL: SHOW COLUMNS FROM `dept` [ RunTime:0.008000s ]
SQL: SELECT * FROM `dept`  [ RunTime:0.000000s ]
INFO: [ app_end ] --START--
INFO: Run Behavior\ShowPageTraceBehavior [ RunTime:0.001001s ]
INFO: [ app_end ] --END-- [ RunTime:0.001001s ]

[ 2015-03-23T12:57:32+08:00 ] 127.0.0.1 /lunwen/index.php/home/device/device_type_data
INFO: [ app_begin ] --START--
INFO: Run Behavior\ReadHtmlCacheBehavior [ RunTime:0.001000s ]
INFO: [ app_begin ] --END-- [ RunTime:0.002000s ]
SQL: SHOW COLUMNS FROM `device_rate` [ RunTime:0.010001s ]
SQL: SELECT * FROM `device_rate`  [ RunTime:0.001000s ]
INFO: [ app_end ] --START--
INFO: Run Behavior\ShowPageTraceBehavior [ RunTime:0.001000s ]
INFO: [ app_end ] --END-- [ RunTime:0.001000s ]

[ 2015-03-23T13:04:52+08:00 ] 127.0.0.1 /lunwen/index.php/home/dept/dept_tree
INFO: [ app_begin ] --START--
INFO: Run Behavior\ReadHtmlCacheBehavior [ RunTime:0.002000s ]
INFO: [ app_begin ] --END-- [ RunTime:0.003000s ]
SQL: SHOW COLUMNS FROM `dept` [ RunTime:0.005000s ]
SQL: SELECT * FROM `dept`  [ RunTime:0.001001s ]
INFO: [ app_end ] --START--
INFO: Run Behavior\ShowPageTraceBehavior [ RunTime:0.001000s ]
INFO: [ app_end ] --END-- [ RunTime:0.001000s ]

[ 2015-03-23T13:04:53+08:00 ] 127.0.0.1 /lunwen/index.php/home/device/device_type_data
INFO: [ app_begin ] --START--
INFO: Run Behavior\ReadHtmlCacheBehavior [ RunTime:0.001000s ]
INFO: [ app_begin ] --END-- [ RunTime:0.002000s ]
SQL: SHOW COLUMNS FROM `device_rate` [ RunTime:0.007000s ]
SQL: SELECT * FROM `device_rate`  [ RunTime:0.001000s ]
INFO: [ app_end ] --START--
INFO: Run Behavior\ShowPageTraceBehavior [ RunTime:0.002000s ]
INFO: [ app_end ] --END-- [ RunTime:0.002000s ]

[ 2015-03-23T13:06:07+08:00 ] 127.0.0.1 /lunwen/index.php/home/dept/dept_tree
INFO: [ app_begin ] --START--
INFO: Run Behavior\ReadHtmlCacheBehavior [ RunTime:0.001000s ]
INFO: [ app_begin ] --END-- [ RunTime:0.001000s ]
SQL: SHOW COLUMNS FROM `dept` [ RunTime:0.007000s ]
SQL: SELECT * FROM `dept`  [ RunTime:0.001000s ]
INFO: [ app_end ] --START--
INFO: Run Behavior\ShowPageTraceBehavior [ RunTime:0.002001s ]
INFO: [ app_end ] --END-- [ RunTime:0.002001s ]

[ 2015-03-23T13:06:08+08:00 ] 127.0.0.1 /lunwen/index.php/home/device/device_type_data
INFO: [ app_begin ] --START--
INFO: Run Behavior\ReadHtmlCacheBehavior [ RunTime:0.001000s ]
INFO: [ app_begin ] --END-- [ RunTime:0.001000s ]
SQL: SHOW COLUMNS FROM `device_rate` [ RunTime:0.009001s ]
SQL: SELECT * FROM `device_rate`  [ RunTime:0.000000s ]
INFO: [ app_end ] --START--
INFO: Run Behavior\ShowPageTraceBehavior [ RunTime:0.001000s ]
INFO: [ app_end ] --END-- [ RunTime:0.001000s ]

[ 2015-03-23T13:13:05+08:00 ] 127.0.0.1 /lunwen/index.php/home/dept/dept_tree
INFO: [ app_begin ] --START--
INFO: Run Behavior\ReadHtmlCacheBehavior [ RunTime:0.001000s ]
INFO: [ app_begin ] --END-- [ RunTime:0.002000s ]
SQL: SHOW COLUMNS FROM `dept` [ RunTime:0.006001s ]
SQL: SELECT * FROM `dept`  [ RunTime:0.000000s ]
INFO: [ app_end ] --START--
INFO: Run Behavior\ShowPageTraceBehavior [ RunTime:0.002000s ]
INFO: [ app_end ] --END-- [ RunTime:0.002000s ]

[ 2015-03-23T13:13:06+08:00 ] 127.0.0.1 /lunwen/index.php/home/device/device_type_data
INFO: [ app_begin ] --START--
INFO: Run Behavior\ReadHtmlCacheBehavior [ RunTime:0.001000s ]
INFO: [ app_begin ] --END-- [ RunTime:0.003001s ]
SQL: SHOW COLUMNS FROM `device_rate` [ RunTime:0.004000s ]
SQL: SELECT * FROM `device_rate`  [ RunTime:0.001000s ]
INFO: [ app_end ] --START--
INFO: Run Behavior\ShowPageTraceBehavior [ RunTime:0.001000s ]
INFO: [ app_end ] --END-- [ RunTime:0.001000s ]

[ 2015-03-23T13:13:13+08:00 ] 127.0.0.1 /lunwen/index.php/home/device/device_type_data
INFO: [ app_begin ] --START--
INFO: Run Behavior\ReadHtmlCacheBehavior [ RunTime:0.001000s ]
INFO: [ app_begin ] --END-- [ RunTime:0.001000s ]
SQL: SHOW COLUMNS FROM `device_rate` [ RunTime:0.009000s ]
SQL: SELECT * FROM `device_rate`  [ RunTime:0.001000s ]
INFO: [ app_end ] --START--
INFO: Run Behavior\ShowPageTraceBehavior [ RunTime:0.002001s ]
INFO: [ app_end ] --END-- [ RunTime:0.002001s ]

[ 2015-03-23T13:13:14+08:00 ] 127.0.0.1 /lunwen/index.php/home/dept/dept_tree
INFO: [ app_begin ] --START--
INFO: Run Behavior\ReadHtmlCacheBehavior [ RunTime:0.001000s ]
INFO: [ app_begin ] --END-- [ RunTime:0.001000s ]
SQL: SHOW COLUMNS FROM `dept` [ RunTime:0.009000s ]
SQL: SELECT * FROM `dept`  [ RunTime:0.001001s ]
INFO: [ app_end ] --START--
INFO: Run Behavior\ShowPageTraceBehavior [ RunTime:0.002000s ]
INFO: [ app_end ] --END-- [ RunTime:0.002000s ]

[ 2015-03-23T13:19:47+08:00 ] 127.0.0.1 /lunwen/index.php/home/dept/dept_tree
INFO: [ app_begin ] --START--
INFO: Run Behavior\ReadHtmlCacheBehavior [ RunTime:0.001000s ]
INFO: [ app_begin ] --END-- [ RunTime:0.002000s ]
SQL: SHOW COLUMNS FROM `dept` [ RunTime:0.006000s ]
SQL: SELECT * FROM `dept`  [ RunTime:0.001000s ]
INFO: [ app_end ] --START--
INFO: Run Behavior\ShowPageTraceBehavior [ RunTime:0.001000s ]
INFO: [ app_end ] --END-- [ RunTime:0.001000s ]

[ 2015-03-23T13:19:48+08:00 ] 127.0.0.1 /lunwen/index.php/home/device/device_type_data
INFO: [ app_begin ] --START--
INFO: Run Behavior\ReadHtmlCacheBehavior [ RunTime:0.000000s ]
INFO: [ app_begin ] --END-- [ RunTime:0.001000s ]
SQL: SHOW COLUMNS FROM `device_rate` [ RunTime:0.004000s ]
SQL: SELECT * FROM `device_rate`  [ RunTime:0.000000s ]
INFO: [ app_end ] --START--
INFO: Run Behavior\ShowPageTraceBehavior [ RunTime:0.000000s ]
INFO: [ app_end ] --END-- [ RunTime:0.000000s ]

[ 2015-03-23T13:21:12+08:00 ] 127.0.0.1 /lunwen/index.php/home/dept/dept_tree
INFO: [ app_begin ] --START--
INFO: Run Behavior\ReadHtmlCacheBehavior [ RunTime:0.001001s ]
INFO: [ app_begin ] --END-- [ RunTime:0.001001s ]
SQL: SHOW COLUMNS FROM `dept` [ RunTime:0.006001s ]
SQL: SELECT * FROM `dept`  [ RunTime:0.000000s ]
INFO: [ app_end ] --START--
INFO: Run Behavior\ShowPageTraceBehavior [ RunTime:0.001000s ]
INFO: [ app_end ] --END-- [ RunTime:0.001000s ]

[ 2015-03-23T13:21:13+08:00 ] 127.0.0.1 /lunwen/index.php/home/device/device_type_data
INFO: [ app_begin ] --START--
INFO: Run Behavior\ReadHtmlCacheBehavior [ RunTime:0.001001s ]
INFO: [ app_begin ] --END-- [ RunTime:0.001001s ]
SQL: SHOW COLUMNS FROM `device_rate` [ RunTime:0.005000s ]
SQL: SELECT * FROM `device_rate`  [ RunTime:0.001000s ]
INFO: [ app_end ] --START--
INFO: Run Behavior\ShowPageTraceBehavior [ RunTime:0.001000s ]
INFO: [ app_end ] --END-- [ RunTime:0.001000s ]

[ 2015-03-23T13:22:13+08:00 ] 127.0.0.1 /lunwen/index.php/home/dept/dept_tree
INFO: [ app_begin ] --START--
INFO: Run Behavior\ReadHtmlCacheBehavior [ RunTime:0.000000s ]
INFO: [ app_begin ] --END-- [ RunTime:0.001000s ]
SQL: SHOW COLUMNS FROM `dept` [ RunTime:0.009000s ]
SQL: SELECT * FROM `dept`  [ RunTime:0.002000s ]
INFO: [ app_end ] --START--
INFO: Run Behavior\ShowPageTraceBehavior [ RunTime:0.002000s ]
INFO: [ app_end ] --END-- [ RunTime:0.002000s ]

[ 2015-03-23T13:22:14+08:00 ] 127.0.0.1 /lunwen/index.php/home/device/device_type_data
INFO: [ app_begin ] --START--
INFO: Run Behavior\ReadHtmlCacheBehavior [ RunTime:0.002000s ]
INFO: [ app_begin ] --END-- [ RunTime:0.003000s ]
SQL: SHOW COLUMNS FROM `device_rate` [ RunTime:0.007000s ]
SQL: SELECT * FROM `device_rate`  [ RunTime:0.000000s ]
INFO: [ app_end ] --START--
INFO: Run Behavior\ShowPageTraceBehavior [ RunTime:0.002000s ]
INFO: [ app_end ] --END-- [ RunTime:0.002000s ]

[ 2015-03-23T13:22:59+08:00 ] 127.0.0.1 /lunwen/index.php/home/dept/dept_tree
INFO: [ app_begin ] --START--
INFO: Run Behavior\ReadHtmlCacheBehavior [ RunTime:0.000000s ]
INFO: [ app_begin ] --END-- [ RunTime:0.001000s ]
SQL: SHOW COLUMNS FROM `dept` [ RunTime:0.005000s ]
SQL: SELECT * FROM `dept`  [ RunTime:0.001000s ]
INFO: [ app_end ] --START--
INFO: Run Behavior\ShowPageTraceBehavior [ RunTime:0.001000s ]
INFO: [ app_end ] --END-- [ RunTime:0.001000s ]

[ 2015-03-23T13:23:00+08:00 ] 127.0.0.1 /lunwen/index.php/home/device/device_type_data
INFO: [ app_begin ] --START--
INFO: Run Behavior\ReadHtmlCacheBehavior [ RunTime:0.002000s ]
INFO: [ app_begin ] --END-- [ RunTime:0.003000s ]
SQL: SHOW COLUMNS FROM `device_rate` [ RunTime:0.006000s ]
SQL: SELECT * FROM `device_rate`  [ RunTime:0.000000s ]
INFO: [ app_end ] --START--
INFO: Run Behavior\ShowPageTraceBehavior [ RunTime:0.001000s ]
INFO: [ app_end ] --END-- [ RunTime:0.001000s ]

[ 2015-03-23T13:23:04+08:00 ] 127.0.0.1 /lunwen/index.php/home/dept/dept_tree
INFO: [ app_begin ] --START--
INFO: Run Behavior\ReadHtmlCacheBehavior [ RunTime:0.001000s ]
INFO: [ app_begin ] --END-- [ RunTime:0.002000s ]
SQL: SHOW COLUMNS FROM `dept` [ RunTime:0.003000s ]
SQL: SELECT * FROM `dept`  [ RunTime:0.001000s ]
INFO: [ app_end ] --START--
INFO: Run Behavior\ShowPageTraceBehavior [ RunTime:0.000000s ]
INFO: [ app_end ] --END-- [ RunTime:0.001000s ]

[ 2015-03-23T13:23:05+08:00 ] 127.0.0.1 /lunwen/index.php/home/device/device_type_data
INFO: [ app_begin ] --START--
INFO: Run Behavior\ReadHtmlCacheBehavior [ RunTime:0.001000s ]
INFO: [ app_begin ] --END-- [ RunTime:0.002000s ]
SQL: SHOW COLUMNS FROM `device_rate` [ RunTime:0.006000s ]
SQL: SELECT * FROM `device_rate`  [ RunTime:0.000000s ]
INFO: [ app_end ] --START--
INFO: Run Behavior\ShowPageTraceBehavior [ RunTime:0.002001s ]
INFO: [ app_end ] --END-- [ RunTime:0.002001s ]

[ 2015-03-23T13:23:34+08:00 ] 127.0.0.1 /lunwen/index.php/home/dept/dept_tree
INFO: [ app_begin ] --START--
INFO: Run Behavior\ReadHtmlCacheBehavior [ RunTime:0.001000s ]
INFO: [ app_begin ] --END-- [ RunTime:0.001000s ]
SQL: SHOW COLUMNS FROM `dept` [ RunTime:0.005000s ]
SQL: SELECT * FROM `dept`  [ RunTime:0.000000s ]
INFO: [ app_end ] --START--
INFO: Run Behavior\ShowPageTraceBehavior [ RunTime:0.001000s ]
INFO: [ app_end ] --END-- [ RunTime:0.001000s ]

[ 2015-03-23T13:23:35+08:00 ] 127.0.0.1 /lunwen/index.php/home/device/device_type_data
INFO: [ app_begin ] --START--
INFO: Run Behavior\ReadHtmlCacheBehavior [ RunTime:0.001000s ]
INFO: [ app_begin ] --END-- [ RunTime:0.002000s ]
SQL: SHOW COLUMNS FROM `device_rate` [ RunTime:0.005000s ]
SQL: SELECT * FROM `device_rate`  [ RunTime:0.001001s ]
INFO: [ app_end ] --START--
INFO: Run Behavior\ShowPageTraceBehavior [ RunTime:0.001000s ]
INFO: [ app_end ] --END-- [ RunTime:0.001000s ]

[ 2015-03-23T13:24:47+08:00 ] 127.0.0.1 /lunwen/index.php/home/dept/dept_tree
INFO: [ app_begin ] --START--
INFO: Run Behavior\ReadHtmlCacheBehavior [ RunTime:0.001000s ]
INFO: [ app_begin ] --END-- [ RunTime:0.001000s ]
SQL: SHOW COLUMNS FROM `dept` [ RunTime:0.005000s ]
SQL: SELECT * FROM `dept`  [ RunTime:0.000000s ]
INFO: [ app_end ] --START--
INFO: Run Behavior\ShowPageTraceBehavior [ RunTime:0.000000s ]
INFO: [ app_end ] --END-- [ RunTime:0.001000s ]

[ 2015-03-23T13:24:48+08:00 ] 127.0.0.1 /lunwen/index.php/home/device/device_type_data
INFO: [ app_begin ] --START--
INFO: Run Behavior\ReadHtmlCacheBehavior [ RunTime:0.002000s ]
INFO: [ app_begin ] --END-- [ RunTime:0.003000s ]
SQL: SHOW COLUMNS FROM `device_rate` [ RunTime:0.004001s ]
SQL: SELECT * FROM `device_rate`  [ RunTime:0.001000s ]
INFO: [ app_end ] --START--
INFO: Run Behavior\ShowPageTraceBehavior [ RunTime:0.001000s ]
INFO: [ app_end ] --END-- [ RunTime:0.001000s ]

[ 2015-03-23T13:25:41+08:00 ] 127.0.0.1 /lunwen/index.php/home/dept/dept_tree
INFO: [ app_begin ] --START--
INFO: Run Behavior\ReadHtmlCacheBehavior [ RunTime:0.001000s ]
INFO: [ app_begin ] --END-- [ RunTime:0.002001s ]
SQL: SHOW COLUMNS FROM `dept` [ RunTime:0.004000s ]
SQL: SELECT * FROM `dept`  [ RunTime:0.001000s ]
INFO: [ app_end ] --START--
INFO: Run Behavior\ShowPageTraceBehavior [ RunTime:0.001000s ]
INFO: [ app_end ] --END-- [ RunTime:0.001000s ]

[ 2015-03-23T13:25:42+08:00 ] 127.0.0.1 /lunwen/index.php/home/device/device_type_data
INFO: [ app_begin ] --START--
INFO: Run Behavior\ReadHtmlCacheBehavior [ RunTime:0.002000s ]
INFO: [ app_begin ] --END-- [ RunTime:0.003000s ]
SQL: SHOW COLUMNS FROM `device_rate` [ RunTime:0.004000s ]
SQL: SELECT * FROM `device_rate`  [ RunTime:0.000000s ]
INFO: [ app_end ] --START--
INFO: Run Behavior\ShowPageTraceBehavior [ RunTime:0.001000s ]
INFO: [ app_end ] --END-- [ RunTime:0.001000s ]

[ 2015-03-23T13:30:41+08:00 ] 127.0.0.1 /lunwen/index.php/home/dept/dept_tree
INFO: [ app_begin ] --START--
INFO: Run Behavior\ReadHtmlCacheBehavior [ RunTime:0.001000s ]
INFO: [ app_begin ] --END-- [ RunTime:0.001000s ]
SQL: SHOW COLUMNS FROM `dept` [ RunTime:0.006000s ]
SQL: SELECT * FROM `dept`  [ RunTime:0.000000s ]
INFO: [ app_end ] --START--
INFO: Run Behavior\ShowPageTraceBehavior [ RunTime:0.001000s ]
INFO: [ app_end ] --END-- [ RunTime:0.001000s ]

[ 2015-03-23T13:30:42+08:00 ] 127.0.0.1 /lunwen/index.php/home/device/device_type_data
INFO: [ app_begin ] --START--
INFO: Run Behavior\ReadHtmlCacheBehavior [ RunTime:0.001000s ]
INFO: [ app_begin ] --END-- [ RunTime:0.001000s ]
SQL: SHOW COLUMNS FROM `device_rate` [ RunTime:0.007000s ]
SQL: SELECT * FROM `device_rate`  [ RunTime:0.001000s ]
INFO: [ app_end ] --START--
INFO: Run Behavior\ShowPageTraceBehavior [ RunTime:0.001001s ]
INFO: [ app_end ] --END-- [ RunTime:0.001001s ]

[ 2015-03-23T14:00:37+08:00 ] 127.0.0.1 /lunwen/index.php/home/dept/dept_tree
INFO: [ app_begin ] --START--
INFO: Run Behavior\ReadHtmlCacheBehavior [ RunTime:0.000000s ]
INFO: [ app_begin ] --END-- [ RunTime:0.002000s ]
SQL: SHOW COLUMNS FROM `dept` [ RunTime:0.006001s ]
SQL: SELECT * FROM `dept`  [ RunTime:0.000000s ]
INFO: [ app_end ] --START--
INFO: Run Behavior\ShowPageTraceBehavior [ RunTime:0.001000s ]
INFO: [ app_end ] --END-- [ RunTime:0.001000s ]

[ 2015-03-23T14:00:38+08:00 ] 127.0.0.1 /lunwen/index.php/home/device/device_type_data
INFO: [ app_begin ] --START--
INFO: Run Behavior\ReadHtmlCacheBehavior [ RunTime:0.001000s ]
INFO: [ app_begin ] --END-- [ RunTime:0.002000s ]
SQL: SHOW COLUMNS FROM `device_rate` [ RunTime:0.014000s ]
SQL: SELECT * FROM `device_rate`  [ RunTime:0.000000s ]
INFO: [ app_end ] --START--
INFO: Run Behavior\ShowPageTraceBehavior [ RunTime:0.001001s ]
INFO: [ app_end ] --END-- [ RunTime:0.001001s ]

[ 2015-03-23T14:08:53+08:00 ] 127.0.0.1 /lunwen/index.php/home/dept/dept_tree
INFO: [ app_begin ] --START--
INFO: Run Behavior\ReadHtmlCacheBehavior [ RunTime:0.001000s ]
INFO: [ app_begin ] --END-- [ RunTime:0.001000s ]
SQL: SHOW COLUMNS FROM `dept` [ RunTime:0.005000s ]
SQL: SELECT * FROM `dept`  [ RunTime:0.001000s ]
INFO: [ app_end ] --START--
INFO: Run Behavior\ShowPageTraceBehavior [ RunTime:0.001000s ]
INFO: [ app_end ] --END-- [ RunTime:0.001000s ]

[ 2015-03-23T14:08:54+08:00 ] 127.0.0.1 /lunwen/index.php/home/device/device_type_data
INFO: [ app_begin ] --START--
INFO: Run Behavior\ReadHtmlCacheBehavior [ RunTime:0.001000s ]
INFO: [ app_begin ] --END-- [ RunTime:0.001000s ]
SQL: SHOW COLUMNS FROM `device_rate` [ RunTime:0.006001s ]
SQL: SELECT * FROM `device_rate`  [ RunTime:0.001000s ]
INFO: [ app_end ] --START--
INFO: Run Behavior\ShowPageTraceBehavior [ RunTime:0.001000s ]
INFO: [ app_end ] --END-- [ RunTime:0.001000s ]

[ 2015-03-23T14:12:35+08:00 ] 127.0.0.1 /lunwen/index.php/home/dept/dept_tree
INFO: [ app_begin ] --START--
INFO: Run Behavior\ReadHtmlCacheBehavior [ RunTime:0.001000s ]
INFO: [ app_begin ] --END-- [ RunTime:0.002000s ]
SQL: SHOW COLUMNS FROM `dept` [ RunTime:0.005000s ]
SQL: SELECT * FROM `dept`  [ RunTime:0.000000s ]
INFO: [ app_end ] --START--
INFO: Run Behavior\ShowPageTraceBehavior [ RunTime:0.000000s ]
INFO: [ app_end ] --END-- [ RunTime:0.001000s ]

[ 2015-03-23T14:12:36+08:00 ] 127.0.0.1 /lunwen/index.php/home/device/device_type_data
INFO: [ app_begin ] --START--
INFO: Run Behavior\ReadHtmlCacheBehavior [ RunTime:0.001000s ]
INFO: [ app_begin ] --END-- [ RunTime:0.001000s ]
SQL: SHOW COLUMNS FROM `device_rate` [ RunTime:0.004000s ]
SQL: SELECT * FROM `device_rate`  [ RunTime:0.001000s ]
INFO: [ app_end ] --START--
INFO: Run Behavior\ShowPageTraceBehavior [ RunTime:0.001000s ]
INFO: [ app_end ] --END-- [ RunTime:0.001000s ]

[ 2015-03-23T14:38:54+08:00 ] 127.0.0.1 /lunwen/index.php/home/dept/dept_tree
INFO: [ app_begin ] --START--
INFO: Run Behavior\ReadHtmlCacheBehavior [ RunTime:0.001001s ]
INFO: [ app_begin ] --END-- [ RunTime:0.001001s ]
NOTIC: [8] Undefined index: user C:\phpworkspace\lunwen\Application\Home\Controller\DeptController.class.php ç¬¬ 14 è¡Œ.
SQL: SHOW COLUMNS FROM `dept` [ RunTime:0.009000s ]
SQL: SELECT * FROM `dept`  [ RunTime:0.001000s ]
INFO: [ app_end ] --START--
INFO: Run Behavior\ShowPageTraceBehavior [ RunTime:0.001000s ]
INFO: [ app_end ] --END-- [ RunTime:0.001000s ]

[ 2015-03-23T14:38:55+08:00 ] 127.0.0.1 /lunwen/index.php/home/device/device_type_data
INFO: [ app_begin ] --START--
INFO: Run Behavior\ReadHtmlCacheBehavior [ RunTime:0.002001s ]
INFO: [ app_begin ] --END-- [ RunTime:0.002001s ]
SQL: SHOW COLUMNS FROM `device_rate` [ RunTime:0.013000s ]
SQL: SELECT * FROM `device_rate`  [ RunTime:0.000000s ]
INFO: [ app_end ] --START--
INFO: Run Behavior\ShowPageTraceBehavior [ RunTime:0.001000s ]
INFO: [ app_end ] --END-- [ RunTime:0.001000s ]

[ 2015-03-23T14:38:55+08:00 ] 127.0.0.1 /lunwen/index.php/home/user
INFO: [ app_begin ] --START--
INFO: Run Behavior\ReadHtmlCacheBehavior [ RunTime:0.000000s ]
INFO: [ app_begin ] --END-- [ RunTime:0.001000s ]
INFO: [ view_parse ] --START--
INFO: [ template_filter ] --START--
INFO: Run Behavior\ContentReplaceBehavior [ RunTime:0.000000s ]
INFO: [ template_filter ] --END-- [ RunTime:0.000000s ]
INFO: Run Behavior\ParseTemplateBehavior [ RunTime:0.013001s ]
INFO: [ view_parse ] --END-- [ RunTime:0.013001s ]
INFO: [ view_filter ] --START--
INFO: Run Behavior\WriteHtmlCacheBehavior [ RunTime:0.002000s ]
INFO: [ view_filter ] --END-- [ RunTime:0.002000s ]
INFO: [ app_end ] --START--
INFO: Run Behavior\ShowPageTraceBehavior [ RunTime:0.001000s ]
INFO: [ app_end ] --END-- [ RunTime:0.001000s ]

[ 2015-03-23T14:39:01+08:00 ] 127.0.0.1 /lunwen/index.php/home/dept/dept_tree
INFO: [ app_begin ] --START--
INFO: Run Behavior\ReadHtmlCacheBehavior [ RunTime:0.001000s ]
INFO: [ app_begin ] --END-- [ RunTime:0.002000s ]
NOTIC: [8] Undefined index: user C:\phpworkspace\lunwen\Application\Home\Controller\DeptController.class.php ç¬¬ 14 è¡Œ.
SQL: SHOW COLUMNS FROM `dept` [ RunTime:0.011001s ]
SQL: SELECT * FROM `dept`  [ RunTime:0.001000s ]
INFO: [ app_end ] --START--
INFO: Run Behavior\ShowPageTraceBehavior [ RunTime:0.002000s ]
INFO: [ app_end ] --END-- [ RunTime:0.002000s ]

[ 2015-03-23T14:39:02+08:00 ] 127.0.0.1 /lunwen/index.php/home/device/device_type_data
INFO: [ app_begin ] --START--
INFO: Run Behavior\ReadHtmlCacheBehavior [ RunTime:0.003001s ]
INFO: [ app_begin ] --END-- [ RunTime:0.003001s ]
SQL: SHOW COLUMNS FROM `device_rate` [ RunTime:0.009000s ]
SQL: SELECT * FROM `device_rate`  [ RunTime:0.001000s ]
INFO: [ app_end ] --START--
INFO: Run Behavior\ShowPageTraceBehavior [ RunTime:0.001000s ]
INFO: [ app_end ] --END-- [ RunTime:0.001000s ]

[ 2015-03-23T14:39:02+08:00 ] 127.0.0.1 /lunwen/index.php/home/user
INFO: [ app_begin ] --START--
INFO: Run Behavior\ReadHtmlCacheBehavior [ RunTime:0.000000s ]
INFO: [ app_begin ] --END-- [ RunTime:0.001000s ]
INFO: [ view_parse ] --START--
INFO: [ template_filter ] --START--
INFO: Run Behavior\ContentReplaceBehavior [ RunTime:0.000000s ]
INFO: [ template_filter ] --END-- [ RunTime:0.000000s ]
INFO: Run Behavior\ParseTemplateBehavior [ RunTime:0.017001s ]
INFO: [ view_parse ] --END-- [ RunTime:0.017001s ]
INFO: [ view_filter ] --START--
INFO: Run Behavior\WriteHtmlCacheBehavior [ RunTime:0.001000s ]
INFO: [ view_filter ] --END-- [ RunTime:0.001000s ]
INFO: [ app_end ] --START--
INFO: Run Behavior\ShowPageTraceBehavior [ RunTime:0.001000s ]
INFO: [ app_end ] --END-- [ RunTime:0.001000s ]

[ 2015-03-23T14:39:13+08:00 ] 127.0.0.1 /lunwen/index.php/home/user/login
INFO: [ app_begin ] --START--
INFO: Run Behavior\ReadHtmlCacheBehavior [ RunTime:0.001000s ]
INFO: [ app_begin ] --END-- [ RunTime:0.002000s ]
SQL: SHOW COLUMNS FROM `user` [ RunTime:0.005000s ]
SQL: SELECT * FROM `user` WHERE ( username='admin' and password='admin' ) LIMIT 1   [ RunTime:0.001000s ]
INFO: [ app_end ] --START--
INFO: Run Behavior\ShowPageTraceBehavior [ RunTime:0.001000s ]
INFO: [ app_end ] --END-- [ RunTime:0.001000s ]

[ 2015-03-23T14:39:15+08:00 ] 127.0.0.1 /lunwen/index.php/home/index/authority_tree
INFO: [ app_begin ] --START--
INFO: Run Behavior\ReadHtmlCacheBehavior [ RunTime:0.002000s ]
INFO: [ app_begin ] --END-- [ RunTime:0.003000s ]
SQL: SHOW COLUMNS FROM `user` [ RunTime:0.012001s ]
SQL: SELECT * FROM `user` WHERE ( username='admin' and password ='admin' )  [ RunTime:0.000000s ]
SQL: SHOW COLUMNS FROM `role` [ RunTime:0.014001s ]
SQL: SELECT * FROM `role` WHERE ( id=1 )  [ RunTime:0.000000s ]
SQL: SHOW COLUMNS FROM `authority` [ RunTime:0.008001s ]
SQL: SELECT * FROM `authority`  [ RunTime:0.001000s ]
INFO: [ app_end ] --START--
INFO: Run Behavior\ShowPageTraceBehavior [ RunTime:0.002000s ]
INFO: [ app_end ] --END-- [ RunTime:0.002000s ]

[ 2015-03-23T14:39:19+08:00 ] 127.0.0.1 /lunwen/index.php/home/dept/dept_tree
INFO: [ app_begin ] --START--
INFO: Run Behavior\ReadHtmlCacheBehavior [ RunTime:0.001000s ]
INFO: [ app_begin ] --END-- [ RunTime:0.002000s ]
SQL: SHOW COLUMNS FROM `dept` [ RunTime:0.006000s ]
SQL: SELECT * FROM `dept`  [ RunTime:0.001001s ]
INFO: [ app_end ] --START--
INFO: Run Behavior\ShowPageTraceBehavior [ RunTime:0.001000s ]
INFO: [ app_end ] --END-- [ RunTime:0.001000s ]

[ 2015-03-23T14:39:20+08:00 ] 127.0.0.1 /lunwen/index.php/home/device/device_type_data
INFO: [ app_begin ] --START--
INFO: Run Behavior\ReadHtmlCacheBehavior [ RunTime:0.001000s ]
INFO: [ app_begin ] --END-- [ RunTime:0.002000s ]
SQL: SHOW COLUMNS FROM `device_rate` [ RunTime:0.008000s ]
SQL: SELECT * FROM `device_rate`  [ RunTime:0.001000s ]
INFO: [ app_end ] --START--
INFO: Run Behavior\ShowPageTraceBehavior [ RunTime:0.001000s ]
INFO: [ app_end ] --END-- [ RunTime:0.001000s ]

[ 2015-03-23T14:39:28+08:00 ] 127.0.0.1 /lunwen/index.php/home/dept/dept_tree
INFO: [ app_begin ] --START--
INFO: Run Behavior\ReadHtmlCacheBehavior [ RunTime:0.000000s ]
INFO: [ app_begin ] --END-- [ RunTime:0.001000s ]
SQL: SHOW COLUMNS FROM `dept` [ RunTime:0.006001s ]
SQL: SELECT * FROM `dept`  [ RunTime:0.000000s ]
INFO: [ app_end ] --START--
INFO: Run Behavior\ShowPageTraceBehavior [ RunTime:0.002000s ]
INFO: [ app_end ] --END-- [ RunTime:0.002000s ]

[ 2015-03-23T14:39:29+08:00 ] 127.0.0.1 /lunwen/index.php/home/device/device_type_data
INFO: [ app_begin ] --START--
INFO: Run Behavior\ReadHtmlCacheBehavior [ RunTime:0.001000s ]
INFO: [ app_begin ] --END-- [ RunTime:0.002000s ]
SQL: SHOW COLUMNS FROM `device_rate` [ RunTime:0.012000s ]
SQL: SELECT * FROM `device_rate`  [ RunTime:0.001000s ]
INFO: [ app_end ] --START--
INFO: Run Behavior\ShowPageTraceBehavior [ RunTime:0.003001s ]
INFO: [ app_end ] --END-- [ RunTime:0.003001s ]

[ 2015-03-23T14:59:55+08:00 ] 127.0.0.1 /lunwen/index.php/home/dept/dept_tree
INFO: [ app_begin ] --START--
INFO: Run Behavior\ReadHtmlCacheBehavior [ RunTime:0.001000s ]
INFO: [ app_begin ] --END-- [ RunTime:0.002000s ]
SQL: SHOW COLUMNS FROM `dept` [ RunTime:0.007000s ]
SQL: SELECT * FROM `dept`  [ RunTime:0.001000s ]
INFO: [ app_end ] --START--
INFO: Run Behavior\ShowPageTraceBehavior [ RunTime:0.001000s ]
INFO: [ app_end ] --END-- [ RunTime:0.001000s ]

[ 2015-03-23T14:59:56+08:00 ] 127.0.0.1 /lunwen/index.php/home/device/device_type_data
INFO: [ app_begin ] --START--
INFO: Run Behavior\ReadHtmlCacheBehavior [ RunTime:0.001000s ]
INFO: [ app_begin ] --END-- [ RunTime:0.001000s ]
SQL: SHOW COLUMNS FROM `device_rate` [ RunTime:0.008001s ]
SQL: SELECT * FROM `device_rate`  [ RunTime:0.001000s ]
INFO: [ app_end ] --START--
INFO: Run Behavior\ShowPageTraceBehavior [ RunTime:0.001000s ]
INFO: [ app_end ] --END-- [ RunTime:0.001000s ]

[ 2015-03-23T15:00:01+08:00 ] 127.0.0.1 /lunwen/index.php/home/dept/dept_tree
INFO: [ app_begin ] --START--
INFO: Run Behavior\ReadHtmlCacheBehavior [ RunTime:0.000000s ]
INFO: [ app_begin ] --END-- [ RunTime:0.002000s ]
SQL: SHOW COLUMNS FROM `dept` [ RunTime:0.005001s ]
SQL: SELECT * FROM `dept`  [ RunTime:0.001000s ]
INFO: [ app_end ] --START--
INFO: Run Behavior\ShowPageTraceBehavior [ RunTime:0.001000s ]
INFO: [ app_end ] --END-- [ RunTime:0.001000s ]

[ 2015-03-23T15:00:02+08:00 ] 127.0.0.1 /lunwen/index.php/home/device/device_type_data
INFO: [ app_begin ] --START--
INFO: Run Behavior\ReadHtmlCacheBehavior [ RunTime:0.001000s ]
INFO: [ app_begin ] --END-- [ RunTime:0.002000s ]
SQL: SHOW COLUMNS FROM `device_rate` [ RunTime:0.007000s ]
SQL: SELECT * FROM `device_rate`  [ RunTime:0.001000s ]
INFO: [ app_end ] --START--
INFO: Run Behavior\ShowPageTraceBehavior [ RunTime:0.001000s ]
INFO: [ app_end ] --END-- [ RunTime:0.001000s ]

