[ 2015-04-01T09:52:58+08:00 ] 127.0.0.1 /lunwen/index.php/home/user/login
INFO: [ app_begin ] --START--
INFO: Run Behavior\ReadHtmlCacheBehavior [ RunTime:0.000000s ]
INFO: [ app_begin ] --END-- [ RunTime:0.000000s ]
SQL: SHOW COLUMNS FROM `user` [ RunTime:0.004000s ]
SQL: SELECT * FROM `user` WHERE ( username='admin' and password='admin' ) LIMIT 1   [ RunTime:0.000000s ]
INFO: [ app_end ] --START--
INFO: Run Behavior\ShowPageTraceBehavior [ RunTime:0.000000s ]
INFO: [ app_end ] --END-- [ RunTime:0.000000s ]

[ 2015-04-01T09:52:59+08:00 ] 127.0.0.1 /lunwen/index.php/home/index/authority_tree
INFO: [ app_begin ] --START--
INFO: Run Behavior\ReadHtmlCacheBehavior [ RunTime:0.001000s ]
INFO: [ app_begin ] --END-- [ RunTime:0.001000s ]
SQL: SHOW COLUMNS FROM `user` [ RunTime:0.000000s ]
SQL: SELECT * FROM `user` WHERE ( username='admin' and password ='admin' )  [ RunTime:0.000000s ]
SQL: SHOW COLUMNS FROM `role` [ RunTime:0.031200s ]
SQL: SELECT * FROM `role` WHERE ( id=8 )  [ RunTime:0.000000s ]
SQL: SHOW COLUMNS FROM `authority` [ RunTime:0.015600s ]
SQL: SELECT * FROM `authority` WHERE `id` IN ('1','0','2','3','4','5','6','7','26','8','9','10','11','12','13','14','15','16','17','18','19','20','21','22','23','24','25')  [ RunTime:0.000000s ]
INFO: [ app_end ] --START--
INFO: Run Behavior\ShowPageTraceBehavior [ RunTime:0.000000s ]
INFO: [ app_end ] --END-- [ RunTime:0.000000s ]

[ 2015-04-01T09:53:02+08:00 ] 127.0.0.1 /lunwen/index.php/home/dept/dept_tree
INFO: [ app_begin ] --START--
INFO: Run Behavior\ReadHtmlCacheBehavior [ RunTime:0.001000s ]
INFO: [ app_begin ] --END-- [ RunTime:0.001000s ]
SQL: SHOW COLUMNS FROM `dept` [ RunTime:0.008000s ]
SQL: SELECT * FROM `dept`  [ RunTime:0.000000s ]
INFO: [ app_end ] --START--
INFO: Run Behavior\ShowPageTraceBehavior [ RunTime:0.001000s ]
INFO: [ app_end ] --END-- [ RunTime:0.001000s ]

[ 2015-04-01T09:53:03+08:00 ] 127.0.0.1 /lunwen/index.php/home/device/device_type_data
INFO: [ app_begin ] --START--
INFO: Run Behavior\ReadHtmlCacheBehavior [ RunTime:0.000000s ]
INFO: [ app_begin ] --END-- [ RunTime:0.002000s ]
SQL: SHOW COLUMNS FROM `device_rate` [ RunTime:0.016001s ]
SQL: SELECT * FROM `device_rate`  [ RunTime:0.001000s ]
INFO: [ app_end ] --START--
INFO: Run Behavior\ShowPageTraceBehavior [ RunTime:0.002000s ]
INFO: [ app_end ] --END-- [ RunTime:0.003000s ]

[ 2015-04-01T10:02:17+08:00 ] 127.0.0.1 /lunwen/index.php/home/user/login
INFO: [ app_begin ] --START--
INFO: Run Behavior\ReadHtmlCacheBehavior [ RunTime:0.001001s ]
INFO: [ app_begin ] --END-- [ RunTime:0.001001s ]
SQL: SHOW COLUMNS FROM `user` [ RunTime:0.003001s ]
SQL: SELECT * FROM `user` WHERE ( username='admin' and password='admin' ) LIMIT 1   [ RunTime:0.000000s ]
INFO: [ app_end ] --START--
INFO: Run Behavior\ShowPageTraceBehavior [ RunTime:0.000000s ]
INFO: [ app_end ] --END-- [ RunTime:0.000000s ]

[ 2015-04-01T10:02:18+08:00 ] 127.0.0.1 /lunwen/index.php/home/index/authority_tree
INFO: [ app_begin ] --START--
INFO: Run Behavior\ReadHtmlCacheBehavior [ RunTime:0.001000s ]
INFO: [ app_begin ] --END-- [ RunTime:0.002000s ]
SQL: SHOW COLUMNS FROM `user` [ RunTime:0.020600s ]
SQL: SELECT * FROM `user` WHERE ( username='admin' and password ='admin' )  [ RunTime:0.001000s ]
SQL: SHOW COLUMNS FROM `role` [ RunTime:0.005000s ]
SQL: SELECT * FROM `role` WHERE ( id=8 )  [ RunTime:0.000000s ]
SQL: SHOW COLUMNS FROM `authority` [ RunTime:0.008000s ]
SQL: SELECT * FROM `authority` WHERE `id` IN ('1','0','2','3','4','5','6','7','26','8','9','10','11','12','13','14','15','16','17','18','19','20','21','22','23','24','25')  [ RunTime:0.002001s ]
INFO: [ app_end ] --START--
INFO: Run Behavior\ShowPageTraceBehavior [ RunTime:0.001000s ]
INFO: [ app_end ] --END-- [ RunTime:0.001000s ]

[ 2015-04-01T10:07:05+08:00 ] 127.0.0.1 /lunwen/index.php/home/dept/dept_tree
INFO: [ app_begin ] --START--
INFO: Run Behavior\ReadHtmlCacheBehavior [ RunTime:0.002000s ]
INFO: [ app_begin ] --END-- [ RunTime:0.002000s ]
SQL: SHOW COLUMNS FROM `dept` [ RunTime:0.015600s ]
SQL: SELECT * FROM `dept`  [ RunTime:0.000000s ]
INFO: [ app_end ] --START--
INFO: Run Behavior\ShowPageTraceBehavior [ RunTime:0.000000s ]
INFO: [ app_end ] --END-- [ RunTime:0.000000s ]

[ 2015-04-01T10:07:06+08:00 ] 127.0.0.1 /lunwen/index.php/home/device/device_type_data
INFO: [ app_begin ] --START--
INFO: Run Behavior\ReadHtmlCacheBehavior [ RunTime:0.001000s ]
INFO: [ app_begin ] --END-- [ RunTime:0.002000s ]
SQL: SHOW COLUMNS FROM `device_rate` [ RunTime:0.010001s ]
SQL: SELECT * FROM `device_rate`  [ RunTime:0.001000s ]
INFO: [ app_end ] --START--
INFO: Run Behavior\ShowPageTraceBehavior [ RunTime:0.003000s ]
INFO: [ app_end ] --END-- [ RunTime:0.003000s ]

[ 2015-04-01T10:08:59+08:00 ] 127.0.0.1 /lunwen/index.php/home/dept/dept_tree
INFO: [ app_begin ] --START--
INFO: Run Behavior\ReadHtmlCacheBehavior [ RunTime:0.001000s ]
INFO: [ app_begin ] --END-- [ RunTime:0.002000s ]
SQL: SHOW COLUMNS FROM `dept` [ RunTime:0.015600s ]
SQL: SELECT * FROM `dept`  [ RunTime:0.000000s ]
INFO: [ app_end ] --START--
INFO: Run Behavior\ShowPageTraceBehavior [ RunTime:0.000000s ]
INFO: [ app_end ] --END-- [ RunTime:0.000000s ]

[ 2015-04-01T10:09:00+08:00 ] 127.0.0.1 /lunwen/index.php/home/device/device_type_data
INFO: [ app_begin ] --START--
INFO: Run Behavior\ReadHtmlCacheBehavior [ RunTime:0.001000s ]
INFO: [ app_begin ] --END-- [ RunTime:0.002001s ]
SQL: SHOW COLUMNS FROM `device_rate` [ RunTime:0.000000s ]
SQL: SELECT * FROM `device_rate`  [ RunTime:0.000000s ]
INFO: [ app_end ] --START--
INFO: Run Behavior\ShowPageTraceBehavior [ RunTime:0.000000s ]
INFO: [ app_end ] --END-- [ RunTime:0.000000s ]

[ 2015-04-01T10:13:26+08:00 ] 127.0.0.1 /lunwen/index.php/home/index/authority_tree
INFO: [ app_begin ] --START--
INFO: Run Behavior\ReadHtmlCacheBehavior [ RunTime:0.001000s ]
INFO: [ app_begin ] --END-- [ RunTime:0.002000s ]
SQL: SHOW COLUMNS FROM `user` [ RunTime:0.015600s ]
SQL: SELECT * FROM `user` WHERE ( username='admin' and password ='admin' )  [ RunTime:0.000000s ]
SQL: SHOW COLUMNS FROM `role` [ RunTime:0.000000s ]
SQL: SELECT * FROM `role` WHERE ( id=8 )  [ RunTime:0.000000s ]
SQL: SHOW COLUMNS FROM `authority` [ RunTime:0.000000s ]
SQL: SELECT * FROM `authority` WHERE `id` IN ('1','0','2','3','4','5','6','7','26','8','9','10','11','12','13','14','15','16','17','18','19','20','21','22','23','24','25')  [ RunTime:0.000000s ]
INFO: [ app_end ] --START--
INFO: Run Behavior\ShowPageTraceBehavior [ RunTime:0.000000s ]
INFO: [ app_end ] --END-- [ RunTime:0.000000s ]

[ 2015-04-01T10:14:16+08:00 ] 127.0.0.1 /lunwen/index.php/home/dept/dept_tree
INFO: [ app_begin ] --START--
INFO: Run Behavior\ReadHtmlCacheBehavior [ RunTime:0.001000s ]
INFO: [ app_begin ] --END-- [ RunTime:0.005000s ]
SQL: SHOW COLUMNS FROM `dept` [ RunTime:0.000000s ]
SQL: SELECT * FROM `dept`  [ RunTime:0.000000s ]
INFO: [ app_end ] --START--
INFO: Run Behavior\ShowPageTraceBehavior [ RunTime:0.015600s ]
INFO: [ app_end ] --END-- [ RunTime:0.015600s ]

[ 2015-04-01T10:14:18+08:00 ] 127.0.0.1 /lunwen/index.php/home/device/device_type_data
INFO: [ app_begin ] --START--
INFO: Run Behavior\ReadHtmlCacheBehavior [ RunTime:0.001000s ]
INFO: [ app_begin ] --END-- [ RunTime:0.001000s ]
SQL: SHOW COLUMNS FROM `device_rate` [ RunTime:0.015600s ]
SQL: SELECT * FROM `device_rate`  [ RunTime:0.000000s ]
INFO: [ app_end ] --START--
INFO: Run Behavior\ShowPageTraceBehavior [ RunTime:0.000000s ]
INFO: [ app_end ] --END-- [ RunTime:0.000000s ]

[ 2015-04-01T10:14:19+08:00 ] 127.0.0.1 /lunwen/index.php/home/dept/dept_tree
INFO: [ app_begin ] --START--
INFO: Run Behavior\ReadHtmlCacheBehavior [ RunTime:0.001000s ]
INFO: [ app_begin ] --END-- [ RunTime:0.005000s ]
SQL: SHOW COLUMNS FROM `dept` [ RunTime:0.000000s ]
SQL: SELECT * FROM `dept`  [ RunTime:0.000000s ]
INFO: [ app_end ] --START--
INFO: Run Behavior\ShowPageTraceBehavior [ RunTime:0.000000s ]
INFO: [ app_end ] --END-- [ RunTime:0.000000s ]

[ 2015-04-01T10:14:21+08:00 ] 127.0.0.1 /lunwen/index.php/home/device/device_type_data
INFO: [ app_begin ] --START--
INFO: Run Behavior\ReadHtmlCacheBehavior [ RunTime:0.001000s ]
INFO: [ app_begin ] --END-- [ RunTime:0.002001s ]
SQL: SHOW COLUMNS FROM `device_rate` [ RunTime:0.000000s ]
SQL: SELECT * FROM `device_rate`  [ RunTime:0.000000s ]
INFO: [ app_end ] --START--
INFO: Run Behavior\ShowPageTraceBehavior [ RunTime:0.000000s ]
INFO: [ app_end ] --END-- [ RunTime:0.000000s ]

[ 2015-04-01T10:14:56+08:00 ] 127.0.0.1 /lunwen/index.php/home/dept/dept_tree
INFO: [ app_begin ] --START--
INFO: Run Behavior\ReadHtmlCacheBehavior [ RunTime:0.001000s ]
INFO: [ app_begin ] --END-- [ RunTime:0.001000s ]
SQL: SHOW COLUMNS FROM `dept` [ RunTime:0.015600s ]
SQL: SELECT * FROM `dept`  [ RunTime:0.000000s ]
INFO: [ app_end ] --START--
INFO: Run Behavior\ShowPageTraceBehavior [ RunTime:0.000000s ]
INFO: [ app_end ] --END-- [ RunTime:0.000000s ]

[ 2015-04-01T10:14:58+08:00 ] 127.0.0.1 /lunwen/index.php/home/device/device_type_data
INFO: [ app_begin ] --START--
INFO: Run Behavior\ReadHtmlCacheBehavior [ RunTime:0.002000s ]
INFO: [ app_begin ] --END-- [ RunTime:0.002000s ]
SQL: SHOW COLUMNS FROM `device_rate` [ RunTime:0.000000s ]
SQL: SELECT * FROM `device_rate`  [ RunTime:0.000000s ]
INFO: [ app_end ] --START--
INFO: Run Behavior\ShowPageTraceBehavior [ RunTime:0.015600s ]
INFO: [ app_end ] --END-- [ RunTime:0.015600s ]

[ 2015-04-01T10:15:16+08:00 ] 127.0.0.1 /lunwen/index.php/home/index/authority_tree
INFO: [ app_begin ] --START--
INFO: Run Behavior\ReadHtmlCacheBehavior [ RunTime:0.002000s ]
INFO: [ app_begin ] --END-- [ RunTime:0.002000s ]
SQL: SHOW COLUMNS FROM `user` [ RunTime:0.000000s ]
SQL: SELECT * FROM `user` WHERE ( username='admin' and password ='admin' )  [ RunTime:0.000000s ]
SQL: SHOW COLUMNS FROM `role` [ RunTime:0.015600s ]
SQL: SELECT * FROM `role` WHERE ( id=8 )  [ RunTime:0.000000s ]
SQL: SHOW COLUMNS FROM `authority` [ RunTime:0.000000s ]
SQL: SELECT * FROM `authority` WHERE `id` IN ('1','0','2','3','4','5','6','7','26','8','9','10','11','12','13','14','15','16','17','18','19','20','21','22','23','24','25')  [ RunTime:0.000000s ]
INFO: [ app_end ] --START--
INFO: Run Behavior\ShowPageTraceBehavior [ RunTime:0.000000s ]
INFO: [ app_end ] --END-- [ RunTime:0.000000s ]

[ 2015-04-01T10:19:19+08:00 ] 127.0.0.1 /lunwen/index.php/home/index/authority_tree
INFO: [ app_begin ] --START--
INFO: Run Behavior\ReadHtmlCacheBehavior [ RunTime:0.002000s ]
INFO: [ app_begin ] --END-- [ RunTime:0.002000s ]
SQL: SHOW COLUMNS FROM `user` [ RunTime:0.015600s ]
SQL: SELECT * FROM `user` WHERE ( username='admin' and password ='admin' )  [ RunTime:0.000000s ]
SQL: SHOW COLUMNS FROM `role` [ RunTime:0.000000s ]
SQL: SELECT * FROM `role` WHERE ( id=8 )  [ RunTime:0.000000s ]
SQL: SHOW COLUMNS FROM `authority` [ RunTime:0.000000s ]
SQL: SELECT * FROM `authority` WHERE `id` IN ('1','0','2','3','4','5','6','7','26','8','9','10','11','12','13','14','15','16','17','18','19','20','21','22','23','24','25')  [ RunTime:0.000000s ]
INFO: [ app_end ] --START--
INFO: Run Behavior\ShowPageTraceBehavior [ RunTime:0.001000s ]
INFO: [ app_end ] --END-- [ RunTime:0.001000s ]

[ 2015-04-01T10:21:14+08:00 ] 127.0.0.1 /lunwen/index.php/home/index/authority_tree
INFO: [ app_begin ] --START--
INFO: Run Behavior\ReadHtmlCacheBehavior [ RunTime:0.001000s ]
INFO: [ app_begin ] --END-- [ RunTime:0.002000s ]
SQL: SHOW COLUMNS FROM `user` [ RunTime:0.015600s ]
SQL: SELECT * FROM `user` WHERE ( username='admin' and password ='admin' )  [ RunTime:0.000000s ]
SQL: SHOW COLUMNS FROM `role` [ RunTime:0.000000s ]
SQL: SELECT * FROM `role` WHERE ( id=8 )  [ RunTime:0.015600s ]
SQL: SHOW COLUMNS FROM `authority` [ RunTime:0.000000s ]
SQL: SELECT * FROM `authority` WHERE `id` IN ('1','0','2','3','4','5','6','7','26','8','9','10','11','12','13','14','15','16','17','18','19','20','21','22','23','24','25')  [ RunTime:0.000000s ]
INFO: [ app_end ] --START--
INFO: Run Behavior\ShowPageTraceBehavior [ RunTime:0.000000s ]
INFO: [ app_end ] --END-- [ RunTime:0.000000s ]

[ 2015-04-01T10:21:56+08:00 ] 127.0.0.1 /lunwen/index.php/home/index/authority_tree
INFO: [ app_begin ] --START--
INFO: Run Behavior\ReadHtmlCacheBehavior [ RunTime:0.001000s ]
INFO: [ app_begin ] --END-- [ RunTime:0.002000s ]
SQL: SHOW COLUMNS FROM `user` [ RunTime:0.000000s ]
SQL: SELECT * FROM `user` WHERE ( username='admin' and password ='admin' )  [ RunTime:0.015600s ]
SQL: SHOW COLUMNS FROM `role` [ RunTime:0.000000s ]
SQL: SELECT * FROM `role` WHERE ( id=8 )  [ RunTime:0.000000s ]
SQL: SHOW COLUMNS FROM `authority` [ RunTime:0.015600s ]
SQL: SELECT * FROM `authority` WHERE `id` IN ('1','0','2','3','4','5','6','7','26','8','9','10','11','12','13','14','15','16','17','18','19','20','21','22','23','24','25')  [ RunTime:0.000000s ]
INFO: [ app_end ] --START--
INFO: Run Behavior\ShowPageTraceBehavior [ RunTime:0.000000s ]
INFO: [ app_end ] --END-- [ RunTime:0.000000s ]

[ 2015-04-01T10:23:23+08:00 ] 127.0.0.1 /lunwen/index.php/home/index/authority_tree
INFO: [ app_begin ] --START--
INFO: Run Behavior\ReadHtmlCacheBehavior [ RunTime:0.001000s ]
INFO: [ app_begin ] --END-- [ RunTime:0.001000s ]
SQL: SHOW COLUMNS FROM `user` [ RunTime:0.000000s ]
SQL: SELECT * FROM `user` WHERE ( username='admin' and password ='admin' )  [ RunTime:0.000000s ]
SQL: SHOW COLUMNS FROM `role` [ RunTime:0.015600s ]
SQL: SELECT * FROM `role` WHERE ( id=8 )  [ RunTime:0.000000s ]
SQL: SHOW COLUMNS FROM `authority` [ RunTime:0.015600s ]
SQL: SELECT * FROM `authority` WHERE `id` IN ('1','0','2','3','4','5','6','7','26','8','9','10','11','12','13','14','15','16','17','18','19','20','21','22','23','24','25')  [ RunTime:0.000000s ]
INFO: [ app_end ] --START--
INFO: Run Behavior\ShowPageTraceBehavior [ RunTime:0.000000s ]
INFO: [ app_end ] --END-- [ RunTime:0.000000s ]

[ 2015-04-01T10:23:44+08:00 ] 127.0.0.1 /lunwen/index.php/home/index/authority_tree
INFO: [ app_begin ] --START--
INFO: Run Behavior\ReadHtmlCacheBehavior [ RunTime:0.001000s ]
INFO: [ app_begin ] --END-- [ RunTime:0.001000s ]
SQL: SHOW COLUMNS FROM `user` [ RunTime:0.015600s ]
SQL: SELECT * FROM `user` WHERE ( username='admin' and password ='admin' )  [ RunTime:0.000000s ]
SQL: SHOW COLUMNS FROM `role` [ RunTime:0.000000s ]
SQL: SELECT * FROM `role` WHERE ( id=8 )  [ RunTime:0.015600s ]
SQL: SHOW COLUMNS FROM `authority` [ RunTime:0.000000s ]
SQL: SELECT * FROM `authority` WHERE `id` IN ('1','0','2','3','4','5','6','7','26','8','9','10','11','12','13','14','15','16','17','18','19','20','21','22','23','24','25')  [ RunTime:0.000000s ]
INFO: [ app_end ] --START--
INFO: Run Behavior\ShowPageTraceBehavior [ RunTime:0.000000s ]
INFO: [ app_end ] --END-- [ RunTime:0.000000s ]

[ 2015-04-01T10:23:53+08:00 ] 127.0.0.1 /lunwen/index.php/home/index/authority_tree
INFO: [ app_begin ] --START--
INFO: Run Behavior\ReadHtmlCacheBehavior [ RunTime:0.001000s ]
INFO: [ app_begin ] --END-- [ RunTime:0.001000s ]
SQL: SHOW COLUMNS FROM `user` [ RunTime:0.000000s ]
SQL: SELECT * FROM `user` WHERE ( username='admin' and password ='admin' )  [ RunTime:0.000000s ]
SQL: SHOW COLUMNS FROM `role` [ RunTime:0.000000s ]
SQL: SELECT * FROM `role` WHERE ( id=8 )  [ RunTime:0.000000s ]
SQL: SHOW COLUMNS FROM `authority` [ RunTime:0.015600s ]
SQL: SELECT * FROM `authority` WHERE `id` IN ('1','0','2','3','4','5','6','7','26','8','9','10','11','12','13','14','15','16','17','18','19','20','21','22','23','24','25')  [ RunTime:0.000000s ]
INFO: [ app_end ] --START--
INFO: Run Behavior\ShowPageTraceBehavior [ RunTime:0.000000s ]
INFO: [ app_end ] --END-- [ RunTime:0.000000s ]

[ 2015-04-01T16:21:58+08:00 ] 127.0.0.1 /lunwen/index.php/home/user/login
INFO: [ app_begin ] --START--
INFO: Run Behavior\ReadHtmlCacheBehavior [ RunTime:0.000000s ]
INFO: [ app_begin ] --END-- [ RunTime:0.000000s ]
SQL: SHOW COLUMNS FROM `user` [ RunTime:0.008001s ]
SQL: SELECT * FROM `user` WHERE ( username='admin' and password='admin' ) LIMIT 1   [ RunTime:0.001000s ]
INFO: [ app_end ] --START--
INFO: Run Behavior\ShowPageTraceBehavior [ RunTime:0.002000s ]
INFO: [ app_end ] --END-- [ RunTime:0.002000s ]

[ 2015-04-01T16:21:59+08:00 ] 127.0.0.1 /lunwen/index.php/home/index/authority_tree
INFO: [ app_begin ] --START--
INFO: Run Behavior\ReadHtmlCacheBehavior [ RunTime:0.001000s ]
INFO: [ app_begin ] --END-- [ RunTime:0.002000s ]
SQL: SHOW COLUMNS FROM `user` [ RunTime:0.000000s ]
SQL: SELECT * FROM `user` WHERE ( username='admin' and password ='admin' )  [ RunTime:0.000000s ]
SQL: SHOW COLUMNS FROM `role` [ RunTime:0.015600s ]
SQL: SELECT * FROM `role` WHERE ( id=8 )  [ RunTime:0.000000s ]
SQL: SHOW COLUMNS FROM `authority` [ RunTime:0.000000s ]
SQL: SELECT * FROM `authority` WHERE `id` IN ('1','0','2','3','4','5','6','7','26','8','9','10','11','12','13','14','15','16','17','18','19','20','21','22','23','24','25')  [ RunTime:0.000000s ]
INFO: [ app_end ] --START--
INFO: Run Behavior\ShowPageTraceBehavior [ RunTime:0.000000s ]
INFO: [ app_end ] --END-- [ RunTime:0.000000s ]

[ 2015-04-01T16:22:02+08:00 ] 127.0.0.1 /lunwen/index.php/home/dept/dept_tree
INFO: [ app_begin ] --START--
INFO: Run Behavior\ReadHtmlCacheBehavior [ RunTime:0.001000s ]
INFO: [ app_begin ] --END-- [ RunTime:0.001000s ]
SQL: SHOW COLUMNS FROM `dept` [ RunTime:0.015600s ]
SQL: SELECT * FROM `dept`  [ RunTime:0.001000s ]
INFO: [ app_end ] --START--
INFO: Run Behavior\ShowPageTraceBehavior [ RunTime:0.001000s ]
INFO: [ app_end ] --END-- [ RunTime:0.001000s ]

[ 2015-04-01T16:22:07+08:00 ] 127.0.0.1 /lunwen/index.php/home/dept/dept_tree
INFO: [ app_begin ] --START--
INFO: Run Behavior\ReadHtmlCacheBehavior [ RunTime:0.001000s ]
INFO: [ app_begin ] --END-- [ RunTime:0.002000s ]
SQL: SHOW COLUMNS FROM `dept` [ RunTime:0.000000s ]
SQL: SELECT * FROM `dept`  [ RunTime:0.000000s ]
INFO: [ app_end ] --START--
INFO: Run Behavior\ShowPageTraceBehavior [ RunTime:0.000000s ]
INFO: [ app_end ] --END-- [ RunTime:0.000000s ]

[ 2015-04-01T16:22:24+08:00 ] 127.0.0.1 /lunwen/index.php/home/dept/dept_tree
INFO: [ app_begin ] --START--
INFO: Run Behavior\ReadHtmlCacheBehavior [ RunTime:0.002000s ]
INFO: [ app_begin ] --END-- [ RunTime:0.003000s ]
SQL: SHOW COLUMNS FROM `dept` [ RunTime:0.013001s ]
SQL: SELECT * FROM `dept`  [ RunTime:0.001000s ]
INFO: [ app_end ] --START--
INFO: Run Behavior\ShowPageTraceBehavior [ RunTime:0.002000s ]
INFO: [ app_end ] --END-- [ RunTime:0.002000s ]

[ 2015-04-01T16:23:12+08:00 ] 127.0.0.1 /lunwen/index.php/home/dept/dept_tree
INFO: [ app_begin ] --START--
INFO: Run Behavior\ReadHtmlCacheBehavior [ RunTime:0.000000s ]
INFO: [ app_begin ] --END-- [ RunTime:0.001000s ]
SQL: SHOW COLUMNS FROM `dept` [ RunTime:0.015600s ]
SQL: SELECT * FROM `dept`  [ RunTime:0.000000s ]
INFO: [ app_end ] --START--
INFO: Run Behavior\ShowPageTraceBehavior [ RunTime:0.000000s ]
INFO: [ app_end ] --END-- [ RunTime:0.000000s ]

[ 2015-04-01T16:23:13+08:00 ] 127.0.0.1 /lunwen/index.php/home/device/device_type_data
INFO: [ app_begin ] --START--
INFO: Run Behavior\ReadHtmlCacheBehavior [ RunTime:0.001000s ]
INFO: [ app_begin ] --END-- [ RunTime:0.001000s ]
SQL: SHOW COLUMNS FROM `device_rate` [ RunTime:0.000000s ]
SQL: SELECT * FROM `device_rate`  [ RunTime:0.015600s ]
INFO: [ app_end ] --START--
INFO: Run Behavior\ShowPageTraceBehavior [ RunTime:0.000000s ]
INFO: [ app_end ] --END-- [ RunTime:0.000000s ]

